<?xml version="1.0" encoding="UTF-8"?>
<coverage generated="1779008758097" clover="3.2.0">
  <project timestamp="1779008758098" name="All files">
    <metrics statements="366" coveredstatements="2" conditionals="105" coveredconditionals="0" methods="81" coveredmethods="0" elements="552" coveredelements="2" complexity="0" loc="366" ncloc="366" packages="1" files="3" classes="3"/>
    <file name="app.js" path="/home/dwiki/Project/alhikmah/kuis/app.js">
      <metrics statements="364" coveredstatements="0" conditionals="105" coveredconditionals="0" methods="81" coveredmethods="0"/>
      <line num="5" count="0" type="stmt"/>
      <line num="19" count="0" type="stmt"/>
      <line num="20" count="0" type="stmt"/>
      <line num="22" count="0" type="stmt"/>
      <line num="86" count="0" type="cond" truecount="0" falsecount="2"/>
      <line num="87" count="0" type="stmt"/>
      <line num="89" count="0" type="stmt"/>
      <line num="94" count="0" type="stmt"/>
      <line num="95" count="0" type="cond" truecount="0" falsecount="2"/>
      <line num="96" count="0" type="stmt"/>
      <line num="100" count="0" type="stmt"/>
      <line num="101" count="0" type="cond" truecount="0" falsecount="2"/>
      <line num="102" count="0" type="stmt"/>
      <line num="106" count="0" type="stmt"/>
      <line num="107" count="0" type="stmt"/>
      <line num="108" count="0" type="stmt"/>
      <line num="114" count="0" type="stmt"/>
      <line num="115" count="0" type="stmt"/>
      <line num="116" count="0" type="stmt"/>
      <line num="117" count="0" type="stmt"/>
      <line num="121" count="0" type="stmt"/>
      <line num="122" count="0" type="stmt"/>
      <line num="134" count="0" type="stmt"/>
      <line num="135" count="0" type="stmt"/>
      <line num="136" count="0" type="stmt"/>
      <line num="137" count="0" type="stmt"/>
      <line num="143" count="0" type="stmt"/>
      <line num="144" count="0" type="cond" truecount="0" falsecount="2"/>
      <line num="146" count="0" type="stmt"/>
      <line num="147" count="0" type="stmt"/>
      <line num="148" count="0" type="stmt"/>
      <line num="149" count="0" type="stmt"/>
      <line num="150" count="0" type="stmt"/>
      <line num="151" count="0" type="stmt"/>
      <line num="153" count="0" type="stmt"/>
      <line num="154" count="0" type="stmt"/>
      <line num="155" count="0" type="stmt"/>
      <line num="159" count="0" type="stmt"/>
      <line num="160" count="0" type="stmt"/>
      <line num="161" count="0" type="stmt"/>
      <line num="164" count="0" type="stmt"/>
      <line num="165" count="0" type="stmt"/>
      <line num="166" count="0" type="stmt"/>
      <line num="167" count="0" type="stmt"/>
      <line num="169" count="0" type="cond" truecount="0" falsecount="2"/>
      <line num="170" count="0" type="stmt"/>
      <line num="171" count="0" type="stmt"/>
      <line num="173" count="0" type="cond" truecount="0" falsecount="2"/>
      <line num="174" count="0" type="stmt"/>
      <line num="175" count="0" type="stmt"/>
      <line num="177" count="0" type="cond" truecount="0" falsecount="2"/>
      <line num="178" count="0" type="stmt"/>
      <line num="179" count="0" type="stmt"/>
      <line num="182" count="0" type="stmt"/>
      <line num="185" count="0" type="stmt"/>
      <line num="186" count="0" type="stmt"/>
      <line num="188" count="0" type="stmt"/>
      <line num="191" count="0" type="stmt"/>
      <line num="192" count="0" type="cond" truecount="0" falsecount="2"/>
      <line num="193" count="0" type="stmt"/>
      <line num="194" count="0" type="stmt"/>
      <line num="198" count="0" type="stmt"/>
      <line num="199" count="0" type="cond" truecount="0" falsecount="2"/>
      <line num="203" count="0" type="stmt"/>
      <line num="204" count="0" type="stmt"/>
      <line num="206" count="0" type="stmt"/>
      <line num="210" count="0" type="stmt"/>
      <line num="211" count="0" type="stmt"/>
      <line num="213" count="0" type="stmt"/>
      <line num="216" count="0" type="stmt"/>
      <line num="217" count="0" type="stmt"/>
      <line num="218" count="0" type="cond" truecount="0" falsecount="2"/>
      <line num="219" count="0" type="stmt"/>
      <line num="223" count="0" type="stmt"/>
      <line num="224" count="0" type="stmt"/>
      <line num="225" count="0" type="stmt"/>
      <line num="229" count="0" type="stmt"/>
      <line num="230" count="0" type="cond" truecount="0" falsecount="2"/>
      <line num="231" count="0" type="stmt"/>
      <line num="237" count="0" type="stmt"/>
      <line num="238" count="0" type="stmt"/>
      <line num="239" count="0" type="stmt"/>
      <line num="240" count="0" type="stmt"/>
      <line num="242" count="0" type="stmt"/>
      <line num="243" count="0" type="stmt"/>
      <line num="244" count="0" type="stmt"/>
      <line num="245" count="0" type="stmt"/>
      <line num="246" count="0" type="stmt"/>
      <line num="250" count="0" type="stmt"/>
      <line num="251" count="0" type="stmt"/>
      <line num="252" count="0" type="stmt"/>
      <line num="253" count="0" type="cond" truecount="0" falsecount="2"/>
      <line num="254" count="0" type="stmt"/>
      <line num="255" count="0" type="stmt"/>
      <line num="256" count="0" type="stmt"/>
      <line num="257" count="0" type="stmt"/>
      <line num="260" count="0" type="stmt"/>
      <line num="261" count="0" type="stmt"/>
      <line num="262" count="0" type="stmt"/>
      <line num="264" count="0" type="cond" truecount="0" falsecount="2"/>
      <line num="265" count="0" type="stmt"/>
      <line num="267" count="0" type="cond" truecount="0" falsecount="2"/>
      <line num="268" count="0" type="stmt"/>
      <line num="271" count="0" type="stmt"/>
      <line num="275" count="0" type="cond" truecount="0" falsecount="2"/>
      <line num="280" count="0" type="stmt"/>
      <line num="281" count="0" type="stmt"/>
      <line num="283" count="0" type="stmt"/>
      <line num="284" count="0" type="stmt"/>
      <line num="286" count="0" type="cond" truecount="0" falsecount="2"/>
      <line num="287" count="0" type="stmt"/>
      <line num="294" count="0" type="stmt"/>
      <line num="296" count="0" type="stmt"/>
      <line num="297" count="0" type="stmt"/>
      <line num="300" count="0" type="stmt"/>
      <line num="301" count="0" type="stmt"/>
      <line num="308" count="0" type="stmt"/>
      <line num="311" count="0" type="stmt"/>
      <line num="312" count="0" type="stmt"/>
      <line num="321" count="0" type="stmt"/>
      <line num="322" count="0" type="stmt"/>
      <line num="323" count="0" type="stmt"/>
      <line num="324" count="0" type="stmt"/>
      <line num="325" count="0" type="stmt"/>
      <line num="329" count="0" type="stmt"/>
      <line num="332" count="0" type="cond" truecount="0" falsecount="2"/>
      <line num="333" count="0" type="stmt"/>
      <line num="336" count="0" type="stmt"/>
      <line num="340" count="0" type="stmt"/>
      <line num="341" count="0" type="stmt"/>
      <line num="342" count="0" type="stmt"/>
      <line num="346" count="0" type="stmt"/>
      <line num="348" count="0" type="stmt"/>
      <line num="356" count="0" type="stmt"/>
      <line num="357" count="0" type="stmt"/>
      <line num="358" count="0" type="stmt"/>
      <line num="359" count="0" type="stmt"/>
      <line num="365" count="0" type="stmt"/>
      <line num="366" count="0" type="stmt"/>
      <line num="367" count="0" type="cond" truecount="0" falsecount="2"/>
      <line num="368" count="0" type="cond" truecount="0" falsecount="2"/>
      <line num="369" count="0" type="stmt"/>
      <line num="371" count="0" type="cond" truecount="0" falsecount="2"/>
      <line num="372" count="0" type="stmt"/>
      <line num="375" count="0" type="stmt"/>
      <line num="382" count="0" type="stmt"/>
      <line num="383" count="0" type="stmt"/>
      <line num="384" count="0" type="stmt"/>
      <line num="385" count="0" type="stmt"/>
      <line num="390" count="0" type="stmt"/>
      <line num="391" count="0" type="stmt"/>
      <line num="392" count="0" type="stmt"/>
      <line num="394" count="0" type="cond" truecount="0" falsecount="2"/>
      <line num="395" count="0" type="stmt"/>
      <line num="397" count="0" type="stmt"/>
      <line num="400" count="0" type="stmt"/>
      <line num="402" count="0" type="stmt"/>
      <line num="406" count="0" type="stmt"/>
      <line num="407" count="0" type="stmt"/>
      <line num="408" count="0" type="stmt"/>
      <line num="412" count="0" type="stmt"/>
      <line num="413" count="0" type="stmt"/>
      <line num="414" count="0" type="stmt"/>
      <line num="415" count="0" type="stmt"/>
      <line num="420" count="0" type="stmt"/>
      <line num="421" count="0" type="cond" truecount="0" falsecount="2"/>
      <line num="423" count="0" type="stmt"/>
      <line num="424" count="0" type="stmt"/>
      <line num="425" count="0" type="stmt"/>
      <line num="426" count="0" type="stmt"/>
      <line num="427" count="0" type="stmt"/>
      <line num="429" count="0" type="stmt"/>
      <line num="430" count="0" type="stmt"/>
      <line num="431" count="0" type="stmt"/>
      <line num="435" count="0" type="stmt"/>
      <line num="436" count="0" type="stmt"/>
      <line num="437" count="0" type="stmt"/>
      <line num="438" count="0" type="stmt"/>
      <line num="443" count="0" type="stmt"/>
      <line num="444" count="0" type="cond" truecount="0" falsecount="2"/>
      <line num="446" count="0" type="stmt"/>
      <line num="447" count="0" type="stmt"/>
      <line num="449" count="0" type="cond" truecount="0" falsecount="2"/>
      <line num="450" count="0" type="stmt"/>
      <line num="451" count="0" type="stmt"/>
      <line num="453" count="0" type="stmt"/>
      <line num="454" count="0" type="stmt"/>
      <line num="455" count="0" type="stmt"/>
      <line num="456" count="0" type="stmt"/>
      <line num="458" count="0" type="stmt"/>
      <line num="459" count="0" type="stmt"/>
      <line num="460" count="0" type="stmt"/>
      <line num="467" count="0" type="stmt"/>
      <line num="468" count="0" type="stmt"/>
      <line num="469" count="0" type="stmt"/>
      <line num="471" count="0" type="cond" truecount="0" falsecount="2"/>
      <line num="472" count="0" type="stmt"/>
      <line num="473" count="0" type="stmt"/>
      <line num="474" count="0" type="cond" truecount="0" falsecount="2"/>
      <line num="475" count="0" type="stmt"/>
      <line num="476" count="0" type="stmt"/>
      <line num="477" count="0" type="cond" truecount="0" falsecount="2"/>
      <line num="478" count="0" type="stmt"/>
      <line num="479" count="0" type="stmt"/>
      <line num="482" count="0" type="stmt"/>
      <line num="483" count="0" type="stmt"/>
      <line num="485" count="0" type="stmt"/>
      <line num="486" count="0" type="stmt"/>
      <line num="488" count="0" type="stmt"/>
      <line num="489" count="0" type="stmt"/>
      <line num="492" count="0" type="stmt"/>
      <line num="493" count="0" type="stmt"/>
      <line num="494" count="0" type="stmt"/>
      <line num="499" count="0" type="stmt"/>
      <line num="500" count="0" type="stmt"/>
      <line num="502" count="0" type="stmt"/>
      <line num="503" count="0" type="stmt"/>
      <line num="505" count="0" type="cond" truecount="0" falsecount="2"/>
      <line num="506" count="0" type="stmt"/>
      <line num="507" count="0" type="stmt"/>
      <line num="508" count="0" type="stmt"/>
      <line num="511" count="0" type="stmt"/>
      <line num="512" count="0" type="stmt"/>
      <line num="517" count="0" type="cond" truecount="0" falsecount="2"/>
      <line num="518" count="0" type="stmt"/>
      <line num="520" count="0" type="stmt"/>
      <line num="521" count="0" type="stmt"/>
      <line num="523" count="0" type="stmt"/>
      <line num="524" count="0" type="stmt"/>
      <line num="525" count="0" type="stmt"/>
      <line num="526" count="0" type="stmt"/>
      <line num="527" count="0" type="cond" truecount="0" falsecount="2"/>
      <line num="528" count="0" type="cond" truecount="0" falsecount="2"/>
      <line num="529" count="0" type="stmt"/>
      <line num="532" count="0" type="stmt"/>
      <line num="533" count="0" type="stmt"/>
      <line num="534" count="0" type="stmt"/>
      <line num="535" count="0" type="stmt"/>
      <line num="536" count="0" type="stmt"/>
      <line num="538" count="0" type="stmt"/>
      <line num="546" count="0" type="stmt"/>
      <line num="553" count="0" type="stmt"/>
      <line num="554" count="0" type="stmt"/>
      <line num="561" count="0" type="stmt"/>
      <line num="564" count="0" type="stmt"/>
      <line num="565" count="0" type="stmt"/>
      <line num="566" count="0" type="stmt"/>
      <line num="577" count="0" type="stmt"/>
      <line num="578" count="0" type="stmt"/>
      <line num="580" count="0" type="stmt"/>
      <line num="581" count="0" type="stmt"/>
      <line num="582" count="0" type="stmt"/>
      <line num="583" count="0" type="stmt"/>
      <line num="584" count="0" type="stmt"/>
      <line num="585" count="0" type="stmt"/>
      <line num="586" count="0" type="stmt"/>
      <line num="587" count="0" type="stmt"/>
      <line num="589" count="0" type="cond" truecount="0" falsecount="2"/>
      <line num="590" count="0" type="stmt"/>
      <line num="592" count="0" type="stmt"/>
      <line num="593" count="0" type="stmt"/>
      <line num="595" count="0" type="stmt"/>
      <line num="596" count="0" type="stmt"/>
      <line num="598" count="0" type="stmt"/>
      <line num="600" count="0" type="stmt"/>
      <line num="601" count="0" type="stmt"/>
      <line num="603" count="0" type="stmt"/>
      <line num="605" count="0" type="stmt"/>
      <line num="609" count="0" type="cond" truecount="0" falsecount="2"/>
      <line num="610" count="0" type="stmt"/>
      <line num="619" count="0" type="stmt"/>
      <line num="623" count="0" type="stmt"/>
      <line num="624" count="0" type="cond" truecount="0" falsecount="2"/>
      <line num="625" count="0" type="stmt"/>
      <line num="626" count="0" type="stmt"/>
      <line num="627" count="0" type="cond" truecount="0" falsecount="4"/>
      <line num="628" count="0" type="stmt"/>
      <line num="629" count="0" type="cond" truecount="0" falsecount="2"/>
      <line num="631" count="0" type="stmt"/>
      <line num="632" count="0" type="stmt"/>
      <line num="633" count="0" type="stmt"/>
      <line num="634" count="0" type="stmt"/>
      <line num="635" count="0" type="stmt"/>
      <line num="636" count="0" type="stmt"/>
      <line num="637" count="0" type="cond" truecount="0" falsecount="2"/>
      <line num="639" count="0" type="stmt"/>
      <line num="643" count="0" type="stmt"/>
      <line num="646" count="0" type="stmt"/>
      <line num="651" count="0" type="stmt"/>
      <line num="652" count="0" type="stmt"/>
      <line num="653" count="0" type="stmt"/>
      <line num="655" count="0" type="stmt"/>
      <line num="656" count="0" type="cond" truecount="0" falsecount="2"/>
      <line num="657" count="0" type="stmt"/>
      <line num="666" count="0" type="stmt"/>
      <line num="667" count="0" type="stmt"/>
      <line num="668" count="0" type="stmt"/>
      <line num="679" count="0" type="stmt"/>
      <line num="680" count="0" type="stmt"/>
      <line num="681" count="0" type="stmt"/>
      <line num="682" count="0" type="stmt"/>
      <line num="686" count="0" type="cond" truecount="0" falsecount="2"/>
      <line num="687" count="0" type="stmt"/>
      <line num="691" count="0" type="stmt"/>
      <line num="692" count="0" type="cond" truecount="0" falsecount="2"/>
      <line num="696" count="0" type="cond" truecount="0" falsecount="4"/>
      <line num="697" count="0" type="stmt"/>
      <line num="701" count="0" type="stmt"/>
      <line num="709" count="0" type="stmt"/>
      <line num="710" count="0" type="stmt"/>
      <line num="711" count="0" type="stmt"/>
      <line num="712" count="0" type="stmt"/>
      <line num="713" count="0" type="stmt"/>
      <line num="714" count="0" type="stmt"/>
      <line num="715" count="0" type="cond" truecount="0" falsecount="2"/>
      <line num="716" count="0" type="stmt"/>
      <line num="717" count="0" type="stmt"/>
      <line num="718" count="0" type="stmt"/>
      <line num="719" count="0" type="stmt"/>
      <line num="726" count="0" type="stmt"/>
      <line num="727" count="0" type="stmt"/>
      <line num="728" count="0" type="stmt"/>
      <line num="729" count="0" type="stmt"/>
      <line num="732" count="0" type="stmt"/>
      <line num="744" count="0" type="stmt"/>
      <line num="748" count="0" type="stmt"/>
      <line num="749" count="0" type="stmt"/>
      <line num="750" count="0" type="stmt"/>
      <line num="754" count="0" type="cond" truecount="0" falsecount="2"/>
      <line num="758" count="0" type="stmt"/>
      <line num="759" count="0" type="cond" truecount="0" falsecount="2"/>
      <line num="760" count="0" type="stmt"/>
      <line num="761" count="0" type="stmt"/>
      <line num="768" count="0" type="stmt"/>
      <line num="769" count="0" type="stmt"/>
      <line num="772" count="0" type="stmt"/>
      <line num="774" count="0" type="stmt"/>
      <line num="775" count="0" type="stmt"/>
      <line num="777" count="0" type="cond" truecount="0" falsecount="2"/>
      <line num="779" count="0" type="stmt"/>
      <line num="780" count="0" type="stmt"/>
      <line num="781" count="0" type="stmt"/>
      <line num="782" count="0" type="stmt"/>
      <line num="783" count="0" type="stmt"/>
      <line num="784" count="0" type="stmt"/>
      <line num="785" count="0" type="stmt"/>
      <line num="786" count="0" type="stmt"/>
      <line num="787" count="0" type="stmt"/>
      <line num="790" count="0" type="stmt"/>
      <line num="791" count="0" type="stmt"/>
      <line num="792" count="0" type="stmt"/>
      <line num="793" count="0" type="stmt"/>
      <line num="796" count="0" type="stmt"/>
      <line num="797" count="0" type="stmt"/>
      <line num="800" count="0" type="stmt"/>
      <line num="801" count="0" type="cond" truecount="0" falsecount="2"/>
      <line num="802" count="0" type="stmt"/>
      <line num="803" count="0" type="cond" truecount="0" falsecount="2"/>
      <line num="804" count="0" type="stmt"/>
      <line num="808" count="0" type="stmt"/>
      <line num="809" count="0" type="stmt"/>
      <line num="811" count="0" type="stmt"/>
      <line num="814" count="0" type="stmt"/>
      <line num="815" count="0" type="stmt"/>
    </file>
    <file name="config.js" path="/home/dwiki/Project/alhikmah/kuis/config.js">
      <metrics statements="1" coveredstatements="1" conditionals="0" coveredconditionals="0" methods="0" coveredmethods="0"/>
      <line num="2" count="1" type="stmt"/>
    </file>
    <file name="questions.js" path="/home/dwiki/Project/alhikmah/kuis/questions.js">
      <metrics statements="1" coveredstatements="1" conditionals="0" coveredconditionals="0" methods="0" coveredmethods="0"/>
      <line num="2" count="1" type="stmt"/>
    </file>
  </project>
</coverage>
