{"/home/dwiki/Project/alhikmah/kuis/app.js": {"path":"/home/dwiki/Project/alhikmah/kuis/app.js","statementMap":{"0":{"start":{"line":5,"column":12},"end":{"line":16,"column":1}},"1":{"start":{"line":19,"column":27},"end":{"line":19,"column":31}},"2":{"start":{"line":20,"column":35},"end":{"line":20,"column":39}},"3":{"start":{"line":22,"column":12},"end":{"line":84,"column":1}},"4":{"start":{"line":86,"column":0},"end":{"line":90,"column":1}},"5":{"start":{"line":87,"column":2},"end":{"line":87,"column":66}},"6":{"start":{"line":89,"column":2},"end":{"line":89,"column":21}},"7":{"start":{"line":94,"column":2},"end":{"line":110,"column":11}},"8":{"start":{"line":95,"column":4},"end":{"line":97,"column":5}},"9":{"start":{"line":96,"column":6},"end":{"line":96,"column":49}},"10":{"start":{"line":100,"column":4},"end":{"line":109,"column":13}},"11":{"start":{"line":101,"column":6},"end":{"line":103,"column":7}},"12":{"start":{"line":102,"column":8},"end":{"line":102,"column":48}},"13":{"start":{"line":106,"column":6},"end":{"line":106,"column":16}},"14":{"start":{"line":107,"column":6},"end":{"line":107,"column":22}},"15":{"start":{"line":108,"column":6},"end":{"line":108,"column":28}},"16":{"start":{"line":114,"column":2},"end":{"line":114,"column":44}},"17":{"start":{"line":115,"column":2},"end":{"line":115,"column":23}},"18":{"start":{"line":116,"column":2},"end":{"line":116,"column":24}},"19":{"start":{"line":117,"column":2},"end":{"line":117,"column":22}},"20":{"start":{"line":121,"column":2},"end":{"line":132,"column":13}},"21":{"start":{"line":122,"column":14},"end":{"line":131,"column":5}},"22":{"start":{"line":134,"column":2},"end":{"line":139,"column":5}},"23":{"start":{"line":135,"column":4},"end":{"line":138,"column":7}},"24":{"start":{"line":136,"column":24},"end":{"line":136,"column":52}},"25":{"start":{"line":137,"column":6},"end":{"line":137,"column":40}},"26":{"start":{"line":143,"column":15},"end":{"line":143,"column":49}},"27":{"start":{"line":143,"column":37},"end":{"line":143,"column":48}},"28":{"start":{"line":144,"column":2},"end":{"line":144,"column":20}},"29":{"start":{"line":144,"column":13},"end":{"line":144,"column":20}},"30":{"start":{"line":146,"column":2},"end":{"line":146,"column":31}},"31":{"start":{"line":147,"column":2},"end":{"line":147,"column":35}},"32":{"start":{"line":148,"column":2},"end":{"line":148,"column":43}},"33":{"start":{"line":149,"column":2},"end":{"line":149,"column":143}},"34":{"start":{"line":150,"column":2},"end":{"line":150,"column":48}},"35":{"start":{"line":151,"column":2},"end":{"line":151,"column":134}},"36":{"start":{"line":153,"column":2},"end":{"line":153,"column":45}},"37":{"start":{"line":154,"column":2},"end":{"line":154,"column":44}},"38":{"start":{"line":155,"column":2},"end":{"line":155,"column":23}},"39":{"start":{"line":159,"column":2},"end":{"line":162,"column":5}},"40":{"start":{"line":160,"column":4},"end":{"line":160,"column":43}},"41":{"start":{"line":161,"column":4},"end":{"line":161,"column":50}},"42":{"start":{"line":164,"column":2},"end":{"line":189,"column":5}},"43":{"start":{"line":165,"column":4},"end":{"line":165,"column":51}},"44":{"start":{"line":166,"column":4},"end":{"line":166,"column":53}},"45":{"start":{"line":167,"column":4},"end":{"line":167,"column":44}},"46":{"start":{"line":169,"column":4},"end":{"line":172,"column":5}},"47":{"start":{"line":170,"column":6},"end":{"line":170,"column":60}},"48":{"start":{"line":171,"column":6},"end":{"line":171,"column":13}},"49":{"start":{"line":173,"column":4},"end":{"line":176,"column":5}},"50":{"start":{"line":174,"column":6},"end":{"line":174,"column":53}},"51":{"start":{"line":175,"column":6},"end":{"line":175,"column":13}},"52":{"start":{"line":177,"column":4},"end":{"line":180,"column":5}},"53":{"start":{"line":178,"column":6},"end":{"line":178,"column":55}},"54":{"start":{"line":179,"column":6},"end":{"line":179,"column":13}},"55":{"start":{"line":182,"column":4},"end":{"line":184,"column":6}},"56":{"start":{"line":185,"column":4},"end":{"line":185,"column":57}},"57":{"start":{"line":186,"column":4},"end":{"line":186,"column":35}},"58":{"start":{"line":188,"column":4},"end":{"line":188,"column":27}},"59":{"start":{"line":191,"column":2},"end":{"line":196,"column":5}},"60":{"start":{"line":192,"column":4},"end":{"line":195,"column":5}},"61":{"start":{"line":193,"column":6},"end":{"line":193,"column":35}},"62":{"start":{"line":194,"column":6},"end":{"line":194,"column":23}},"63":{"start":{"line":198,"column":2},"end":{"line":208,"column":5}},"64":{"start":{"line":199,"column":4},"end":{"line":207,"column":5}},"65":{"start":{"line":203,"column":6},"end":{"line":203,"column":35}},"66":{"start":{"line":204,"column":6},"end":{"line":204,"column":23}},"67":{"start":{"line":206,"column":6},"end":{"line":206,"column":43}},"68":{"start":{"line":210,"column":2},"end":{"line":212,"column":4}},"69":{"start":{"line":211,"column":4},"end":{"line":211,"column":40}},"70":{"start":{"line":213,"column":2},"end":{"line":213,"column":70}},"71":{"start":{"line":213,"column":46},"end":{"line":213,"column":68}},"72":{"start":{"line":216,"column":2},"end":{"line":216,"column":73}},"73":{"start":{"line":216,"column":53},"end":{"line":216,"column":71}},"74":{"start":{"line":217,"column":2},"end":{"line":220,"column":5}},"75":{"start":{"line":218,"column":4},"end":{"line":218,"column":53}},"76":{"start":{"line":218,"column":30},"end":{"line":218,"column":53}},"77":{"start":{"line":219,"column":4},"end":{"line":219,"column":23}},"78":{"start":{"line":223,"column":2},"end":{"line":223,"column":79}},"79":{"start":{"line":223,"column":59},"end":{"line":223,"column":77}},"80":{"start":{"line":224,"column":2},"end":{"line":226,"column":5}},"81":{"start":{"line":225,"column":4},"end":{"line":225,"column":25}},"82":{"start":{"line":229,"column":2},"end":{"line":233,"column":5}},"83":{"start":{"line":230,"column":4},"end":{"line":232,"column":5}},"84":{"start":{"line":231,"column":6},"end":{"line":231,"column":27}},"85":{"start":{"line":237,"column":2},"end":{"line":237,"column":41}},"86":{"start":{"line":238,"column":2},"end":{"line":238,"column":44}},"87":{"start":{"line":239,"column":2},"end":{"line":239,"column":54}},"88":{"start":{"line":240,"column":2},"end":{"line":240,"column":65}},"89":{"start":{"line":242,"column":2},"end":{"line":242,"column":27}},"90":{"start":{"line":243,"column":2},"end":{"line":243,"column":19}},"91":{"start":{"line":244,"column":2},"end":{"line":244,"column":21}},"92":{"start":{"line":245,"column":2},"end":{"line":245,"column":22}},"93":{"start":{"line":246,"column":2},"end":{"line":246,"column":21}},"94":{"start":{"line":250,"column":2},"end":{"line":250,"column":37}},"95":{"start":{"line":251,"column":2},"end":{"line":276,"column":11}},"96":{"start":{"line":252,"column":4},"end":{"line":252,"column":21}},"97":{"start":{"line":253,"column":4},"end":{"line":258,"column":5}},"98":{"start":{"line":254,"column":6},"end":{"line":254,"column":41}},"99":{"start":{"line":255,"column":6},"end":{"line":255,"column":79}},"100":{"start":{"line":256,"column":6},"end":{"line":256,"column":31}},"101":{"start":{"line":257,"column":6},"end":{"line":257,"column":13}},"102":{"start":{"line":260,"column":14},"end":{"line":260,"column":45}},"103":{"start":{"line":261,"column":14},"end":{"line":261,"column":33}},"104":{"start":{"line":262,"column":4},"end":{"line":262,"column":94}},"105":{"start":{"line":264,"column":4},"end":{"line":273,"column":5}},"106":{"start":{"line":265,"column":6},"end":{"line":266,"column":129}},"107":{"start":{"line":267,"column":11},"end":{"line":273,"column":5}},"108":{"start":{"line":268,"column":6},"end":{"line":269,"column":121}},"109":{"start":{"line":271,"column":6},"end":{"line":272,"column":127}},"110":{"start":{"line":275,"column":4},"end":{"line":275,"column":54}},"111":{"start":{"line":275,"column":35},"end":{"line":275,"column":54}},"112":{"start":{"line":280,"column":17},"end":{"line":280,"column":55}},"113":{"start":{"line":281,"column":12},"end":{"line":281,"column":71}},"114":{"start":{"line":283,"column":2},"end":{"line":283,"column":99}},"115":{"start":{"line":284,"column":2},"end":{"line":284,"column":30}},"116":{"start":{"line":286,"column":2},"end":{"line":298,"column":3}},"117":{"start":{"line":287,"column":4},"end":{"line":293,"column":6}},"118":{"start":{"line":294,"column":4},"end":{"line":294,"column":51}},"119":{"start":{"line":296,"column":4},"end":{"line":296,"column":39}},"120":{"start":{"line":297,"column":4},"end":{"line":297,"column":48}},"121":{"start":{"line":300,"column":18},"end":{"line":300,"column":38}},"122":{"start":{"line":301,"column":21},"end":{"line":306,"column":3}},"123":{"start":{"line":308,"column":2},"end":{"line":319,"column":14}},"124":{"start":{"line":311,"column":8},"end":{"line":311,"column":64}},"125":{"start":{"line":312,"column":6},"end":{"line":317,"column":10}},"126":{"start":{"line":321,"column":2},"end":{"line":327,"column":5}},"127":{"start":{"line":322,"column":4},"end":{"line":326,"column":7}},"128":{"start":{"line":323,"column":6},"end":{"line":323,"column":80}},"129":{"start":{"line":324,"column":6},"end":{"line":324,"column":25}},"130":{"start":{"line":325,"column":6},"end":{"line":325,"column":23}},"131":{"start":{"line":329,"column":2},"end":{"line":330,"column":60}},"132":{"start":{"line":332,"column":2},"end":{"line":338,"column":3}},"133":{"start":{"line":333,"column":4},"end":{"line":334,"column":67}},"134":{"start":{"line":336,"column":4},"end":{"line":337,"column":72}},"135":{"start":{"line":340,"column":2},"end":{"line":340,"column":21}},"136":{"start":{"line":341,"column":2},"end":{"line":341,"column":30}},"137":{"start":{"line":342,"column":2},"end":{"line":342,"column":23}},"138":{"start":{"line":346,"column":2},"end":{"line":354,"column":14}},"139":{"start":{"line":348,"column":16},"end":{"line":352,"column":5}},"140":{"start":{"line":356,"column":2},"end":{"line":361,"column":5}},"141":{"start":{"line":357,"column":4},"end":{"line":360,"column":7}},"142":{"start":{"line":358,"column":6},"end":{"line":358,"column":37}},"143":{"start":{"line":359,"column":6},"end":{"line":359,"column":23}},"144":{"start":{"line":365,"column":2},"end":{"line":378,"column":5}},"145":{"start":{"line":366,"column":16},"end":{"line":366,"column":51}},"146":{"start":{"line":367,"column":4},"end":{"line":367,"column":21}},"147":{"start":{"line":367,"column":14},"end":{"line":367,"column":21}},"148":{"start":{"line":368,"column":4},"end":{"line":377,"column":5}},"149":{"start":{"line":369,"column":6},"end":{"line":370,"column":157}},"150":{"start":{"line":371,"column":11},"end":{"line":377,"column":5}},"151":{"start":{"line":372,"column":6},"end":{"line":373,"column":123}},"152":{"start":{"line":375,"column":6},"end":{"line":376,"column":148}},"153":{"start":{"line":382,"column":16},"end":{"line":382,"column":54}},"154":{"start":{"line":383,"column":19},"end":{"line":383,"column":65}},"155":{"start":{"line":383,"column":47},"end":{"line":383,"column":57}},"156":{"start":{"line":384,"column":2},"end":{"line":384,"column":56}},"157":{"start":{"line":385,"column":2},"end":{"line":385,"column":64}},"158":{"start":{"line":390,"column":2},"end":{"line":390,"column":37}},"159":{"start":{"line":391,"column":2},"end":{"line":391,"column":42}},"160":{"start":{"line":392,"column":2},"end":{"line":392,"column":35}},"161":{"start":{"line":394,"column":2},"end":{"line":404,"column":3}},"162":{"start":{"line":395,"column":4},"end":{"line":396,"column":113}},"163":{"start":{"line":397,"column":4},"end":{"line":398,"column":61}},"164":{"start":{"line":400,"column":4},"end":{"line":401,"column":119}},"165":{"start":{"line":402,"column":4},"end":{"line":403,"column":58}},"166":{"start":{"line":406,"column":2},"end":{"line":406,"column":45}},"167":{"start":{"line":407,"column":2},"end":{"line":407,"column":67}},"168":{"start":{"line":407,"column":19},"end":{"line":407,"column":61}},"169":{"start":{"line":408,"column":2},"end":{"line":408,"column":23}},"170":{"start":{"line":412,"column":2},"end":{"line":412,"column":42}},"171":{"start":{"line":413,"column":2},"end":{"line":416,"column":10}},"172":{"start":{"line":414,"column":4},"end":{"line":414,"column":44}},"173":{"start":{"line":415,"column":4},"end":{"line":415,"column":32}},"174":{"start":{"line":420,"column":18},"end":{"line":420,"column":59}},"175":{"start":{"line":420,"column":40},"end":{"line":420,"column":58}},"176":{"start":{"line":421,"column":2},"end":{"line":421,"column":23}},"177":{"start":{"line":421,"column":16},"end":{"line":421,"column":23}},"178":{"start":{"line":423,"column":2},"end":{"line":423,"column":37}},"179":{"start":{"line":424,"column":2},"end":{"line":424,"column":67}},"180":{"start":{"line":425,"column":2},"end":{"line":425,"column":34}},"181":{"start":{"line":426,"column":2},"end":{"line":426,"column":47}},"182":{"start":{"line":427,"column":2},"end":{"line":427,"column":31}},"183":{"start":{"line":429,"column":2},"end":{"line":429,"column":45}},"184":{"start":{"line":430,"column":2},"end":{"line":430,"column":73}},"185":{"start":{"line":430,"column":19},"end":{"line":430,"column":67}},"186":{"start":{"line":431,"column":2},"end":{"line":431,"column":23}},"187":{"start":{"line":435,"column":2},"end":{"line":435,"column":48}},"188":{"start":{"line":436,"column":2},"end":{"line":439,"column":10}},"189":{"start":{"line":437,"column":4},"end":{"line":437,"column":44}},"190":{"start":{"line":438,"column":4},"end":{"line":438,"column":34}},"191":{"start":{"line":443,"column":18},"end":{"line":443,"column":72}},"192":{"start":{"line":443,"column":40},"end":{"line":443,"column":71}},"193":{"start":{"line":444,"column":2},"end":{"line":444,"column":23}},"194":{"start":{"line":444,"column":16},"end":{"line":444,"column":23}},"195":{"start":{"line":446,"column":20},"end":{"line":446,"column":53}},"196":{"start":{"line":447,"column":22},"end":{"line":447,"column":36}},"197":{"start":{"line":449,"column":2},"end":{"line":462,"column":3}},"198":{"start":{"line":450,"column":4},"end":{"line":450,"column":23}},"199":{"start":{"line":451,"column":4},"end":{"line":451,"column":42}},"200":{"start":{"line":453,"column":4},"end":{"line":453,"column":52}},"201":{"start":{"line":454,"column":4},"end":{"line":454,"column":77}},"202":{"start":{"line":455,"column":4},"end":{"line":455,"column":70}},"203":{"start":{"line":456,"column":4},"end":{"line":456,"column":36}},"204":{"start":{"line":458,"column":4},"end":{"line":461,"column":13}},"205":{"start":{"line":459,"column":6},"end":{"line":459,"column":75}},"206":{"start":{"line":460,"column":6},"end":{"line":460,"column":35}},"207":{"start":{"line":467,"column":16},"end":{"line":467,"column":45}},"208":{"start":{"line":468,"column":16},"end":{"line":468,"column":58}},"209":{"start":{"line":469,"column":13},"end":{"line":469,"column":19}},"210":{"start":{"line":471,"column":2},"end":{"line":480,"column":3}},"211":{"start":{"line":472,"column":4},"end":{"line":472,"column":60}},"212":{"start":{"line":473,"column":4},"end":{"line":473,"column":26}},"213":{"start":{"line":474,"column":9},"end":{"line":480,"column":3}},"214":{"start":{"line":475,"column":4},"end":{"line":475,"column":57}},"215":{"start":{"line":476,"column":4},"end":{"line":476,"column":22}},"216":{"start":{"line":477,"column":9},"end":{"line":480,"column":3}},"217":{"start":{"line":478,"column":4},"end":{"line":478,"column":66}},"218":{"start":{"line":479,"column":4},"end":{"line":479,"column":26}},"219":{"start":{"line":482,"column":2},"end":{"line":482,"column":194}},"220":{"start":{"line":483,"column":2},"end":{"line":483,"column":106}},"221":{"start":{"line":485,"column":2},"end":{"line":485,"column":40}},"222":{"start":{"line":486,"column":2},"end":{"line":486,"column":23}},"223":{"start":{"line":488,"column":2},"end":{"line":490,"column":9}},"224":{"start":{"line":489,"column":4},"end":{"line":489,"column":57}},"225":{"start":{"line":492,"column":2},"end":{"line":495,"column":11}},"226":{"start":{"line":493,"column":4},"end":{"line":493,"column":55}},"227":{"start":{"line":494,"column":4},"end":{"line":494,"column":42}},"228":{"start":{"line":494,"column":21},"end":{"line":494,"column":35}},"229":{"start":{"line":499,"column":21},"end":{"line":499,"column":67}},"230":{"start":{"line":499,"column":49},"end":{"line":499,"column":59}},"231":{"start":{"line":500,"column":14},"end":{"line":500,"column":32}},"232":{"start":{"line":502,"column":4},"end":{"line":502,"column":93}},"233":{"start":{"line":503,"column":18},"end":{"line":503,"column":23}},"234":{"start":{"line":505,"column":2},"end":{"line":509,"column":3}},"235":{"start":{"line":506,"column":4},"end":{"line":506,"column":37}},"236":{"start":{"line":507,"column":4},"end":{"line":507,"column":130}},"237":{"start":{"line":508,"column":4},"end":{"line":508,"column":21}},"238":{"start":{"line":511,"column":2},"end":{"line":513,"column":5}},"239":{"start":{"line":512,"column":4},"end":{"line":512,"column":29}},"240":{"start":{"line":517,"column":2},"end":{"line":517,"column":33}},"241":{"start":{"line":517,"column":26},"end":{"line":517,"column":33}},"242":{"start":{"line":518,"column":2},"end":{"line":518,"column":28}},"243":{"start":{"line":520,"column":2},"end":{"line":520,"column":37}},"244":{"start":{"line":521,"column":2},"end":{"line":521,"column":48}},"245":{"start":{"line":523,"column":16},"end":{"line":523,"column":17}},"246":{"start":{"line":524,"column":12},"end":{"line":524,"column":13}},"247":{"start":{"line":525,"column":12},"end":{"line":525,"column":13}},"248":{"start":{"line":526,"column":2},"end":{"line":530,"column":5}},"249":{"start":{"line":527,"column":4},"end":{"line":529,"column":17}},"250":{"start":{"line":527,"column":27},"end":{"line":527,"column":35}},"251":{"start":{"line":528,"column":9},"end":{"line":529,"column":17}},"252":{"start":{"line":528,"column":44},"end":{"line":528,"column":54}},"253":{"start":{"line":529,"column":9},"end":{"line":529,"column":17}},"254":{"start":{"line":532,"column":17},"end":{"line":532,"column":55}},"255":{"start":{"line":533,"column":16},"end":{"line":533,"column":52}},"256":{"start":{"line":534,"column":26},"end":{"line":534,"column":78}},"257":{"start":{"line":535,"column":16},"end":{"line":535,"column":48}},"258":{"start":{"line":536,"column":16},"end":{"line":536,"column":36}},"259":{"start":{"line":538,"column":22},"end":{"line":544,"column":3}},"260":{"start":{"line":546,"column":2},"end":{"line":573,"column":7}},"261":{"start":{"line":553,"column":6},"end":{"line":553,"column":49}},"262":{"start":{"line":554,"column":6},"end":{"line":560,"column":8}},"263":{"start":{"line":561,"column":6},"end":{"line":561,"column":57}},"264":{"start":{"line":564,"column":6},"end":{"line":564,"column":49}},"265":{"start":{"line":565,"column":6},"end":{"line":565,"column":49}},"266":{"start":{"line":566,"column":6},"end":{"line":572,"column":8}},"267":{"start":{"line":577,"column":2},"end":{"line":577,"column":41}},"268":{"start":{"line":578,"column":2},"end":{"line":578,"column":46}},"269":{"start":{"line":580,"column":2},"end":{"line":580,"column":38}},"270":{"start":{"line":581,"column":2},"end":{"line":581,"column":42}},"271":{"start":{"line":582,"column":2},"end":{"line":582,"column":38}},"272":{"start":{"line":583,"column":2},"end":{"line":583,"column":38}},"273":{"start":{"line":584,"column":2},"end":{"line":584,"column":49}},"274":{"start":{"line":585,"column":2},"end":{"line":585,"column":51}},"275":{"start":{"line":586,"column":2},"end":{"line":586,"column":41}},"276":{"start":{"line":587,"column":2},"end":{"line":587,"column":102}},"277":{"start":{"line":589,"column":2},"end":{"line":604,"column":3}},"278":{"start":{"line":590,"column":4},"end":{"line":591,"column":82}},"279":{"start":{"line":592,"column":4},"end":{"line":592,"column":38}},"280":{"start":{"line":593,"column":4},"end":{"line":594,"column":85}},"281":{"start":{"line":595,"column":4},"end":{"line":595,"column":56}},"282":{"start":{"line":596,"column":4},"end":{"line":596,"column":30}},"283":{"start":{"line":598,"column":4},"end":{"line":599,"column":79}},"284":{"start":{"line":600,"column":4},"end":{"line":600,"column":38}},"285":{"start":{"line":601,"column":4},"end":{"line":602,"column":87}},"286":{"start":{"line":603,"column":4},"end":{"line":603,"column":79}},"287":{"start":{"line":605,"column":2},"end":{"line":605,"column":19}},"288":{"start":{"line":609,"column":2},"end":{"line":609,"column":58}},"289":{"start":{"line":609,"column":51},"end":{"line":609,"column":58}},"290":{"start":{"line":610,"column":20},"end":{"line":618,"column":3}},"291":{"start":{"line":619,"column":2},"end":{"line":619,"column":77}},"292":{"start":{"line":623,"column":14},"end":{"line":623,"column":61}},"293":{"start":{"line":624,"column":2},"end":{"line":624,"column":19}},"294":{"start":{"line":624,"column":12},"end":{"line":624,"column":19}},"295":{"start":{"line":625,"column":2},"end":{"line":647,"column":3}},"296":{"start":{"line":626,"column":18},"end":{"line":626,"column":33}},"297":{"start":{"line":627,"column":4},"end":{"line":644,"column":5}},"298":{"start":{"line":628,"column":19},"end":{"line":628,"column":74}},"299":{"start":{"line":628,"column":41},"end":{"line":628,"column":73}},"300":{"start":{"line":629,"column":6},"end":{"line":629,"column":24}},"301":{"start":{"line":629,"column":17},"end":{"line":629,"column":24}},"302":{"start":{"line":631,"column":6},"end":{"line":631,"column":35}},"303":{"start":{"line":632,"column":6},"end":{"line":632,"column":36}},"304":{"start":{"line":633,"column":6},"end":{"line":633,"column":38}},"305":{"start":{"line":634,"column":6},"end":{"line":634,"column":44}},"306":{"start":{"line":635,"column":6},"end":{"line":635,"column":46}},"307":{"start":{"line":636,"column":6},"end":{"line":636,"column":38}},"308":{"start":{"line":637,"column":6},"end":{"line":637,"column":67}},"309":{"start":{"line":639,"column":6},"end":{"line":642,"column":8}},"310":{"start":{"line":643,"column":6},"end":{"line":643,"column":29}},"311":{"start":{"line":646,"column":4},"end":{"line":646,"column":21}},"312":{"start":{"line":651,"column":2},"end":{"line":651,"column":70}},"313":{"start":{"line":651,"column":50},"end":{"line":651,"column":68}},"314":{"start":{"line":652,"column":2},"end":{"line":652,"column":63}},"315":{"start":{"line":652,"column":43},"end":{"line":652,"column":61}},"316":{"start":{"line":653,"column":2},"end":{"line":653,"column":64}},"317":{"start":{"line":653,"column":44},"end":{"line":653,"column":62}},"318":{"start":{"line":655,"column":2},"end":{"line":662,"column":5}},"319":{"start":{"line":656,"column":4},"end":{"line":661,"column":5}},"320":{"start":{"line":657,"column":6},"end":{"line":660,"column":8}},"321":{"start":{"line":666,"column":2},"end":{"line":666,"column":37}},"322":{"start":{"line":667,"column":2},"end":{"line":667,"column":53}},"323":{"start":{"line":668,"column":2},"end":{"line":678,"column":4}},"324":{"start":{"line":679,"column":2},"end":{"line":679,"column":27}},"325":{"start":{"line":680,"column":2},"end":{"line":680,"column":43}},"326":{"start":{"line":681,"column":2},"end":{"line":681,"column":48}},"327":{"start":{"line":682,"column":2},"end":{"line":682,"column":23}},"328":{"start":{"line":686,"column":2},"end":{"line":687,"column":50}},"329":{"start":{"line":686,"column":12},"end":{"line":686,"column":58}},"330":{"start":{"line":687,"column":7},"end":{"line":687,"column":50}},"331":{"start":{"line":691,"column":13},"end":{"line":691,"column":37}},"332":{"start":{"line":692,"column":2},"end":{"line":692,"column":68}},"333":{"start":{"line":692,"column":28},"end":{"line":692,"column":68}},"334":{"start":{"line":696,"column":2},"end":{"line":697,"column":47}},"335":{"start":{"line":697,"column":4},"end":{"line":697,"column":47}},"336":{"start":{"line":701,"column":17},"end":{"line":708,"column":3}},"337":{"start":{"line":709,"column":2},"end":{"line":720,"column":3}},"338":{"start":{"line":709,"column":15},"end":{"line":709,"column":16}},"339":{"start":{"line":710,"column":14},"end":{"line":710,"column":43}},"340":{"start":{"line":711,"column":4},"end":{"line":711,"column":35}},"341":{"start":{"line":712,"column":4},"end":{"line":712,"column":45}},"342":{"start":{"line":713,"column":4},"end":{"line":713,"column":26}},"343":{"start":{"line":714,"column":4},"end":{"line":714,"column":80}},"344":{"start":{"line":715,"column":4},"end":{"line":715,"column":61}},"345":{"start":{"line":716,"column":4},"end":{"line":716,"column":55}},"346":{"start":{"line":717,"column":4},"end":{"line":717,"column":60}},"347":{"start":{"line":718,"column":4},"end":{"line":718,"column":33}},"348":{"start":{"line":719,"column":4},"end":{"line":719,"column":39}},"349":{"start":{"line":719,"column":21},"end":{"line":719,"column":31}},"350":{"start":{"line":726,"column":14},"end":{"line":726,"column":15}},"351":{"start":{"line":727,"column":12},"end":{"line":727,"column":13}},"352":{"start":{"line":728,"column":26},"end":{"line":728,"column":27}},"353":{"start":{"line":729,"column":29},"end":{"line":729,"column":34}},"354":{"start":{"line":732,"column":23},"end":{"line":741,"column":1}},"355":{"start":{"line":744,"column":18},"end":{"line":744,"column":58}},"356":{"start":{"line":748,"column":2},"end":{"line":764,"column":5}},"357":{"start":{"line":749,"column":4},"end":{"line":749,"column":24}},"358":{"start":{"line":750,"column":4},"end":{"line":750,"column":24}},"359":{"start":{"line":754,"column":4},"end":{"line":763,"column":5}},"360":{"start":{"line":758,"column":6},"end":{"line":758,"column":28}},"361":{"start":{"line":759,"column":6},"end":{"line":762,"column":7}},"362":{"start":{"line":760,"column":8},"end":{"line":760,"column":49}},"363":{"start":{"line":761,"column":8},"end":{"line":761,"column":32}},"364":{"start":{"line":768,"column":19},"end":{"line":768,"column":48}},"365":{"start":{"line":769,"column":2},"end":{"line":769,"column":43}},"366":{"start":{"line":772,"column":22},"end":{"line":772,"column":41}},"367":{"start":{"line":774,"column":4},"end":{"line":774,"column":69}},"368":{"start":{"line":775,"column":23},"end":{"line":775,"column":45}},"369":{"start":{"line":777,"column":2},"end":{"line":794,"column":3}},"370":{"start":{"line":779,"column":21},"end":{"line":779,"column":76}},"371":{"start":{"line":780,"column":4},"end":{"line":780,"column":36}},"372":{"start":{"line":781,"column":4},"end":{"line":781,"column":50}},"373":{"start":{"line":782,"column":4},"end":{"line":782,"column":51}},"374":{"start":{"line":783,"column":4},"end":{"line":783,"column":52}},"375":{"start":{"line":784,"column":4},"end":{"line":784,"column":36}},"376":{"start":{"line":785,"column":4},"end":{"line":785,"column":41}},"377":{"start":{"line":786,"column":4},"end":{"line":786,"column":45}},"378":{"start":{"line":787,"column":4},"end":{"line":787,"column":39}},"379":{"start":{"line":790,"column":4},"end":{"line":790,"column":47}},"380":{"start":{"line":791,"column":4},"end":{"line":791,"column":48}},"381":{"start":{"line":792,"column":4},"end":{"line":792,"column":49}},"382":{"start":{"line":793,"column":4},"end":{"line":793,"column":70}},"383":{"start":{"line":796,"column":2},"end":{"line":796,"column":62}},"384":{"start":{"line":797,"column":2},"end":{"line":797,"column":61}},"385":{"start":{"line":800,"column":24},"end":{"line":800,"column":37}},"386":{"start":{"line":801,"column":2},"end":{"line":805,"column":3}},"387":{"start":{"line":802,"column":4},"end":{"line":802,"column":36}},"388":{"start":{"line":803,"column":9},"end":{"line":805,"column":3}},"389":{"start":{"line":804,"column":4},"end":{"line":804,"column":36}},"390":{"start":{"line":808,"column":19},"end":{"line":808,"column":45}},"391":{"start":{"line":809,"column":2},"end":{"line":809,"column":54}},"392":{"start":{"line":811,"column":2},"end":{"line":811,"column":38}},"393":{"start":{"line":814,"column":2},"end":{"line":816,"column":11}},"394":{"start":{"line":815,"column":4},"end":{"line":815,"column":22}}},"fnMap":{"0":{"name":"showSplashScreen","decl":{"start":{"line":92,"column":9},"end":{"line":92,"column":25}},"loc":{"start":{"line":92,"column":28},"end":{"line":111,"column":1}},"line":92},"1":{"name":"(anonymous_1)","decl":{"start":{"line":94,"column":13},"end":{"line":94,"column":14}},"loc":{"start":{"line":94,"column":19},"end":{"line":110,"column":3}},"line":94},"2":{"name":"(anonymous_2)","decl":{"start":{"line":100,"column":15},"end":{"line":100,"column":16}},"loc":{"start":{"line":100,"column":21},"end":{"line":109,"column":5}},"line":100},"3":{"name":"initApp","decl":{"start":{"line":113,"column":9},"end":{"line":113,"column":16}},"loc":{"start":{"line":113,"column":19},"end":{"line":118,"column":1}},"line":113},"4":{"name":"renderSubjectsGrid","decl":{"start":{"line":120,"column":9},"end":{"line":120,"column":27}},"loc":{"start":{"line":120,"column":30},"end":{"line":140,"column":1}},"line":120},"5":{"name":"(anonymous_5)","decl":{"start":{"line":122,"column":4},"end":{"line":122,"column":5}},"loc":{"start":{"line":122,"column":14},"end":{"line":131,"column":5}},"line":122},"6":{"name":"(anonymous_6)","decl":{"start":{"line":134,"column":62},"end":{"line":134,"column":63}},"loc":{"start":{"line":134,"column":72},"end":{"line":139,"column":3}},"line":134},"7":{"name":"(anonymous_7)","decl":{"start":{"line":135,"column":35},"end":{"line":135,"column":36}},"loc":{"start":{"line":135,"column":41},"end":{"line":138,"column":5}},"line":135},"8":{"name":"selectSubject","decl":{"start":{"line":142,"column":9},"end":{"line":142,"column":22}},"loc":{"start":{"line":142,"column":27},"end":{"line":156,"column":1}},"line":142},"9":{"name":"(anonymous_9)","decl":{"start":{"line":143,"column":30},"end":{"line":143,"column":31}},"loc":{"start":{"line":143,"column":37},"end":{"line":143,"column":48}},"line":143},"10":{"name":"setupEventListeners","decl":{"start":{"line":158,"column":9},"end":{"line":158,"column":28}},"loc":{"start":{"line":158,"column":31},"end":{"line":234,"column":1}},"line":158},"11":{"name":"(anonymous_11)","decl":{"start":{"line":159,"column":48},"end":{"line":159,"column":49}},"loc":{"start":{"line":159,"column":54},"end":{"line":162,"column":3}},"line":159},"12":{"name":"(anonymous_12)","decl":{"start":{"line":164,"column":45},"end":{"line":164,"column":46}},"loc":{"start":{"line":164,"column":51},"end":{"line":189,"column":3}},"line":164},"13":{"name":"(anonymous_13)","decl":{"start":{"line":191,"column":40},"end":{"line":191,"column":41}},"loc":{"start":{"line":191,"column":46},"end":{"line":196,"column":3}},"line":191},"14":{"name":"(anonymous_14)","decl":{"start":{"line":198,"column":40},"end":{"line":198,"column":41}},"loc":{"start":{"line":198,"column":46},"end":{"line":208,"column":3}},"line":198},"15":{"name":"(anonymous_15)","decl":{"start":{"line":210,"column":46},"end":{"line":210,"column":47}},"loc":{"start":{"line":211,"column":4},"end":{"line":211,"column":40}},"line":211},"16":{"name":"(anonymous_16)","decl":{"start":{"line":213,"column":40},"end":{"line":213,"column":41}},"loc":{"start":{"line":213,"column":46},"end":{"line":213,"column":68}},"line":213},"17":{"name":"(anonymous_17)","decl":{"start":{"line":216,"column":47},"end":{"line":216,"column":48}},"loc":{"start":{"line":216,"column":53},"end":{"line":216,"column":71}},"line":216},"18":{"name":"(anonymous_18)","decl":{"start":{"line":217,"column":48},"end":{"line":217,"column":49}},"loc":{"start":{"line":217,"column":54},"end":{"line":220,"column":3}},"line":217},"19":{"name":"(anonymous_19)","decl":{"start":{"line":223,"column":53},"end":{"line":223,"column":54}},"loc":{"start":{"line":223,"column":59},"end":{"line":223,"column":77}},"line":223},"20":{"name":"(anonymous_20)","decl":{"start":{"line":224,"column":54},"end":{"line":224,"column":55}},"loc":{"start":{"line":224,"column":60},"end":{"line":226,"column":3}},"line":224},"21":{"name":"(anonymous_21)","decl":{"start":{"line":229,"column":52},"end":{"line":229,"column":53}},"loc":{"start":{"line":229,"column":59},"end":{"line":233,"column":3}},"line":229},"22":{"name":"startExamEnvironment","decl":{"start":{"line":236,"column":9},"end":{"line":236,"column":29}},"loc":{"start":{"line":236,"column":32},"end":{"line":247,"column":1}},"line":236},"23":{"name":"startTimerEngine","decl":{"start":{"line":249,"column":9},"end":{"line":249,"column":25}},"loc":{"start":{"line":249,"column":28},"end":{"line":277,"column":1}},"line":249},"24":{"name":"(anonymous_24)","decl":{"start":{"line":251,"column":36},"end":{"line":251,"column":37}},"loc":{"start":{"line":251,"column":42},"end":{"line":276,"column":3}},"line":251},"25":{"name":"renderQuestion","decl":{"start":{"line":279,"column":9},"end":{"line":279,"column":23}},"loc":{"start":{"line":279,"column":26},"end":{"line":343,"column":1}},"line":279},"26":{"name":"(anonymous_26)","decl":{"start":{"line":309,"column":9},"end":{"line":309,"column":10}},"loc":{"start":{"line":309,"column":21},"end":{"line":318,"column":5}},"line":309},"27":{"name":"(anonymous_27)","decl":{"start":{"line":321,"column":54},"end":{"line":321,"column":55}},"loc":{"start":{"line":321,"column":64},"end":{"line":327,"column":3}},"line":321},"28":{"name":"(anonymous_28)","decl":{"start":{"line":322,"column":35},"end":{"line":322,"column":36}},"loc":{"start":{"line":322,"column":41},"end":{"line":326,"column":5}},"line":322},"29":{"name":"buildQuestionNavigator","decl":{"start":{"line":345,"column":9},"end":{"line":345,"column":31}},"loc":{"start":{"line":345,"column":34},"end":{"line":362,"column":1}},"line":345},"30":{"name":"(anonymous_30)","decl":{"start":{"line":348,"column":6},"end":{"line":348,"column":7}},"loc":{"start":{"line":348,"column":16},"end":{"line":352,"column":5}},"line":348},"31":{"name":"(anonymous_31)","decl":{"start":{"line":356,"column":46},"end":{"line":356,"column":47}},"loc":{"start":{"line":356,"column":58},"end":{"line":361,"column":3}},"line":356},"32":{"name":"(anonymous_32)","decl":{"start":{"line":357,"column":34},"end":{"line":357,"column":35}},"loc":{"start":{"line":357,"column":40},"end":{"line":360,"column":5}},"line":357},"33":{"name":"updateQuestionNavigatorUI","decl":{"start":{"line":364,"column":9},"end":{"line":364,"column":34}},"loc":{"start":{"line":364,"column":37},"end":{"line":379,"column":1}},"line":364},"34":{"name":"(anonymous_34)","decl":{"start":{"line":365,"column":42},"end":{"line":365,"column":43}},"loc":{"start":{"line":365,"column":52},"end":{"line":378,"column":3}},"line":365},"35":{"name":"updateProgressUI","decl":{"start":{"line":381,"column":9},"end":{"line":381,"column":25}},"loc":{"start":{"line":381,"column":28},"end":{"line":386,"column":1}},"line":381},"36":{"name":"(anonymous_36)","decl":{"start":{"line":383,"column":40},"end":{"line":383,"column":41}},"loc":{"start":{"line":383,"column":47},"end":{"line":383,"column":57}},"line":383},"37":{"name":"openCustomModal","decl":{"start":{"line":389,"column":9},"end":{"line":389,"column":24}},"loc":{"start":{"line":389,"column":67},"end":{"line":409,"column":1}},"line":389},"38":{"name":"(anonymous_38)","decl":{"start":{"line":407,"column":13},"end":{"line":407,"column":14}},"loc":{"start":{"line":407,"column":19},"end":{"line":407,"column":61}},"line":407},"39":{"name":"closeCustomModal","decl":{"start":{"line":411,"column":9},"end":{"line":411,"column":25}},"loc":{"start":{"line":411,"column":28},"end":{"line":417,"column":1}},"line":411},"40":{"name":"(anonymous_40)","decl":{"start":{"line":413,"column":13},"end":{"line":413,"column":14}},"loc":{"start":{"line":413,"column":19},"end":{"line":416,"column":3}},"line":413},"41":{"name":"showSecureConfirmation","decl":{"start":{"line":419,"column":9},"end":{"line":419,"column":31}},"loc":{"start":{"line":419,"column":43},"end":{"line":432,"column":1}},"line":419},"42":{"name":"(anonymous_42)","decl":{"start":{"line":420,"column":33},"end":{"line":420,"column":34}},"loc":{"start":{"line":420,"column":40},"end":{"line":420,"column":58}},"line":420},"43":{"name":"(anonymous_43)","decl":{"start":{"line":430,"column":13},"end":{"line":430,"column":14}},"loc":{"start":{"line":430,"column":19},"end":{"line":430,"column":67}},"line":430},"44":{"name":"closeSecureModal","decl":{"start":{"line":434,"column":9},"end":{"line":434,"column":25}},"loc":{"start":{"line":434,"column":28},"end":{"line":440,"column":1}},"line":434},"45":{"name":"(anonymous_45)","decl":{"start":{"line":436,"column":13},"end":{"line":436,"column":14}},"loc":{"start":{"line":436,"column":19},"end":{"line":439,"column":3}},"line":436},"46":{"name":"validateSecureCode","decl":{"start":{"line":442,"column":9},"end":{"line":442,"column":27}},"loc":{"start":{"line":442,"column":30},"end":{"line":463,"column":1}},"line":442},"47":{"name":"(anonymous_47)","decl":{"start":{"line":443,"column":33},"end":{"line":443,"column":34}},"loc":{"start":{"line":443,"column":40},"end":{"line":443,"column":71}},"line":443},"48":{"name":"(anonymous_48)","decl":{"start":{"line":458,"column":15},"end":{"line":458,"column":16}},"loc":{"start":{"line":458,"column":21},"end":{"line":461,"column":5}},"line":458},"49":{"name":"showCustomToast","decl":{"start":{"line":466,"column":9},"end":{"line":466,"column":24}},"loc":{"start":{"line":466,"column":49},"end":{"line":496,"column":1}},"line":466},"50":{"name":"(anonymous_50)","decl":{"start":{"line":488,"column":13},"end":{"line":488,"column":14}},"loc":{"start":{"line":488,"column":19},"end":{"line":490,"column":3}},"line":488},"51":{"name":"(anonymous_51)","decl":{"start":{"line":492,"column":13},"end":{"line":492,"column":14}},"loc":{"start":{"line":492,"column":19},"end":{"line":495,"column":3}},"line":492},"52":{"name":"(anonymous_52)","decl":{"start":{"line":494,"column":15},"end":{"line":494,"column":16}},"loc":{"start":{"line":494,"column":21},"end":{"line":494,"column":35}},"line":494},"53":{"name":"triggerFinalSubmissionConfirmation","decl":{"start":{"line":498,"column":9},"end":{"line":498,"column":43}},"loc":{"start":{"line":498,"column":46},"end":{"line":514,"column":1}},"line":498},"54":{"name":"(anonymous_54)","decl":{"start":{"line":499,"column":42},"end":{"line":499,"column":43}},"loc":{"start":{"line":499,"column":49},"end":{"line":499,"column":59}},"line":499},"55":{"name":"(anonymous_55)","decl":{"start":{"line":511,"column":42},"end":{"line":511,"column":43}},"loc":{"start":{"line":511,"column":48},"end":{"line":513,"column":3}},"line":511},"56":{"name":"processFinalSubmission","decl":{"start":{"line":516,"column":9},"end":{"line":516,"column":31}},"loc":{"start":{"line":516,"column":34},"end":{"line":574,"column":1}},"line":516},"57":{"name":"(anonymous_57)","decl":{"start":{"line":526,"column":42},"end":{"line":526,"column":43}},"loc":{"start":{"line":526,"column":52},"end":{"line":530,"column":3}},"line":526},"58":{"name":"(anonymous_58)","decl":{"start":{"line":552,"column":10},"end":{"line":552,"column":11}},"loc":{"start":{"line":552,"column":16},"end":{"line":562,"column":5}},"line":552},"59":{"name":"(anonymous_59)","decl":{"start":{"line":563,"column":11},"end":{"line":563,"column":12}},"loc":{"start":{"line":563,"column":20},"end":{"line":573,"column":5}},"line":563},"60":{"name":"renderResultView","decl":{"start":{"line":576,"column":9},"end":{"line":576,"column":25}},"loc":{"start":{"line":576,"column":67},"end":{"line":606,"column":1}},"line":576},"61":{"name":"saveSessionState","decl":{"start":{"line":608,"column":9},"end":{"line":608,"column":25}},"loc":{"start":{"line":608,"column":28},"end":{"line":620,"column":1}},"line":608},"62":{"name":"tryRestoreSession","decl":{"start":{"line":622,"column":9},"end":{"line":622,"column":26}},"loc":{"start":{"line":622,"column":29},"end":{"line":648,"column":1}},"line":622},"63":{"name":"(anonymous_63)","decl":{"start":{"line":628,"column":34},"end":{"line":628,"column":35}},"loc":{"start":{"line":628,"column":41},"end":{"line":628,"column":73}},"line":628},"64":{"name":"setupSecurity","decl":{"start":{"line":650,"column":9},"end":{"line":650,"column":22}},"loc":{"start":{"line":650,"column":25},"end":{"line":663,"column":1}},"line":650},"65":{"name":"(anonymous_65)","decl":{"start":{"line":651,"column":43},"end":{"line":651,"column":44}},"loc":{"start":{"line":651,"column":50},"end":{"line":651,"column":68}},"line":651},"66":{"name":"(anonymous_66)","decl":{"start":{"line":652,"column":36},"end":{"line":652,"column":37}},"loc":{"start":{"line":652,"column":43},"end":{"line":652,"column":61}},"line":652},"67":{"name":"(anonymous_67)","decl":{"start":{"line":653,"column":37},"end":{"line":653,"column":38}},"loc":{"start":{"line":653,"column":44},"end":{"line":653,"column":62}},"line":653},"68":{"name":"(anonymous_68)","decl":{"start":{"line":655,"column":34},"end":{"line":655,"column":35}},"loc":{"start":{"line":655,"column":40},"end":{"line":662,"column":3}},"line":655},"69":{"name":"resetToLandingScreen","decl":{"start":{"line":665,"column":9},"end":{"line":665,"column":29}},"loc":{"start":{"line":665,"column":32},"end":{"line":683,"column":1}},"line":665},"70":{"name":"toggleLoadingOverlay","decl":{"start":{"line":685,"column":9},"end":{"line":685,"column":29}},"loc":{"start":{"line":685,"column":36},"end":{"line":688,"column":1}},"line":685},"71":{"name":"requestFullscreen","decl":{"start":{"line":690,"column":9},"end":{"line":690,"column":26}},"loc":{"start":{"line":690,"column":29},"end":{"line":693,"column":1}},"line":690},"72":{"name":"(anonymous_72)","decl":{"start":{"line":692,"column":57},"end":{"line":692,"column":58}},"loc":{"start":{"line":692,"column":63},"end":{"line":692,"column":66}},"line":692},"73":{"name":"exitFullscreen","decl":{"start":{"line":695,"column":9},"end":{"line":695,"column":23}},"loc":{"start":{"line":695,"column":26},"end":{"line":698,"column":1}},"line":695},"74":{"name":"(anonymous_74)","decl":{"start":{"line":697,"column":36},"end":{"line":697,"column":37}},"loc":{"start":{"line":697,"column":42},"end":{"line":697,"column":45}},"line":697},"75":{"name":"createConfettiParticles","decl":{"start":{"line":700,"column":9},"end":{"line":700,"column":32}},"loc":{"start":{"line":700,"column":35},"end":{"line":721,"column":1}},"line":700},"76":{"name":"(anonymous_76)","decl":{"start":{"line":719,"column":15},"end":{"line":719,"column":16}},"loc":{"start":{"line":719,"column":21},"end":{"line":719,"column":31}},"line":719},"77":{"name":"initCursorParticles","decl":{"start":{"line":746,"column":9},"end":{"line":746,"column":28}},"loc":{"start":{"line":746,"column":31},"end":{"line":765,"column":1}},"line":746},"78":{"name":"(anonymous_78)","decl":{"start":{"line":748,"column":41},"end":{"line":748,"column":42}},"loc":{"start":{"line":748,"column":48},"end":{"line":764,"column":3}},"line":748},"79":{"name":"createFloatingParticle","decl":{"start":{"line":767,"column":9},"end":{"line":767,"column":31}},"loc":{"start":{"line":767,"column":38},"end":{"line":817,"column":1}},"line":767},"80":{"name":"(anonymous_80)","decl":{"start":{"line":814,"column":13},"end":{"line":814,"column":14}},"loc":{"start":{"line":814,"column":19},"end":{"line":816,"column":3}},"line":814}},"branchMap":{"0":{"loc":{"start":{"line":86,"column":0},"end":{"line":90,"column":1}},"type":"if","locations":[{"start":{"line":86,"column":0},"end":{"line":90,"column":1}},{"start":{"line":88,"column":7},"end":{"line":90,"column":1}}],"line":86},"1":{"loc":{"start":{"line":95,"column":4},"end":{"line":97,"column":5}},"type":"if","locations":[{"start":{"line":95,"column":4},"end":{"line":97,"column":5}},{"start":{},"end":{}}],"line":95},"2":{"loc":{"start":{"line":101,"column":6},"end":{"line":103,"column":7}},"type":"if","locations":[{"start":{"line":101,"column":6},"end":{"line":103,"column":7}},{"start":{},"end":{}}],"line":101},"3":{"loc":{"start":{"line":144,"column":2},"end":{"line":144,"column":20}},"type":"if","locations":[{"start":{"line":144,"column":2},"end":{"line":144,"column":20}},{"start":{},"end":{}}],"line":144},"4":{"loc":{"start":{"line":169,"column":4},"end":{"line":172,"column":5}},"type":"if","locations":[{"start":{"line":169,"column":4},"end":{"line":172,"column":5}},{"start":{},"end":{}}],"line":169},"5":{"loc":{"start":{"line":173,"column":4},"end":{"line":176,"column":5}},"type":"if","locations":[{"start":{"line":173,"column":4},"end":{"line":176,"column":5}},{"start":{},"end":{}}],"line":173},"6":{"loc":{"start":{"line":177,"column":4},"end":{"line":180,"column":5}},"type":"if","locations":[{"start":{"line":177,"column":4},"end":{"line":180,"column":5}},{"start":{},"end":{}}],"line":177},"7":{"loc":{"start":{"line":192,"column":4},"end":{"line":195,"column":5}},"type":"if","locations":[{"start":{"line":192,"column":4},"end":{"line":195,"column":5}},{"start":{},"end":{}}],"line":192},"8":{"loc":{"start":{"line":199,"column":4},"end":{"line":207,"column":5}},"type":"if","locations":[{"start":{"line":199,"column":4},"end":{"line":207,"column":5}},{"start":{"line":205,"column":11},"end":{"line":207,"column":5}}],"line":199},"9":{"loc":{"start":{"line":218,"column":4},"end":{"line":218,"column":53}},"type":"if","locations":[{"start":{"line":218,"column":4},"end":{"line":218,"column":53}},{"start":{},"end":{}}],"line":218},"10":{"loc":{"start":{"line":230,"column":4},"end":{"line":232,"column":5}},"type":"if","locations":[{"start":{"line":230,"column":4},"end":{"line":232,"column":5}},{"start":{},"end":{}}],"line":230},"11":{"loc":{"start":{"line":253,"column":4},"end":{"line":258,"column":5}},"type":"if","locations":[{"start":{"line":253,"column":4},"end":{"line":258,"column":5}},{"start":{},"end":{}}],"line":253},"12":{"loc":{"start":{"line":264,"column":4},"end":{"line":273,"column":5}},"type":"if","locations":[{"start":{"line":264,"column":4},"end":{"line":273,"column":5}},{"start":{"line":267,"column":11},"end":{"line":273,"column":5}}],"line":264},"13":{"loc":{"start":{"line":267,"column":11},"end":{"line":273,"column":5}},"type":"if","locations":[{"start":{"line":267,"column":11},"end":{"line":273,"column":5}},{"start":{"line":270,"column":11},"end":{"line":273,"column":5}}],"line":267},"14":{"loc":{"start":{"line":275,"column":4},"end":{"line":275,"column":54}},"type":"if","locations":[{"start":{"line":275,"column":4},"end":{"line":275,"column":54}},{"start":{},"end":{}}],"line":275},"15":{"loc":{"start":{"line":286,"column":2},"end":{"line":298,"column":3}},"type":"if","locations":[{"start":{"line":286,"column":2},"end":{"line":298,"column":3}},{"start":{"line":295,"column":9},"end":{"line":298,"column":3}}],"line":286},"16":{"loc":{"start":{"line":313,"column":117},"end":{"line":313,"column":265}},"type":"cond-expr","locations":[{"start":{"line":313,"column":130},"end":{"line":313,"column":191}},{"start":{"line":313,"column":194},"end":{"line":313,"column":265}}],"line":313},"17":{"loc":{"start":{"line":330,"column":4},"end":{"line":330,"column":59}},"type":"cond-expr","locations":[{"start":{"line":330,"column":39},"end":{"line":330,"column":47}},{"start":{"line":330,"column":50},"end":{"line":330,"column":59}}],"line":330},"18":{"loc":{"start":{"line":332,"column":2},"end":{"line":338,"column":3}},"type":"if","locations":[{"start":{"line":332,"column":2},"end":{"line":338,"column":3}},{"start":{"line":335,"column":9},"end":{"line":338,"column":3}}],"line":332},"19":{"loc":{"start":{"line":367,"column":4},"end":{"line":367,"column":21}},"type":"if","locations":[{"start":{"line":367,"column":4},"end":{"line":367,"column":21}},{"start":{},"end":{}}],"line":367},"20":{"loc":{"start":{"line":368,"column":4},"end":{"line":377,"column":5}},"type":"if","locations":[{"start":{"line":368,"column":4},"end":{"line":377,"column":5}},{"start":{"line":371,"column":11},"end":{"line":377,"column":5}}],"line":368},"21":{"loc":{"start":{"line":371,"column":11},"end":{"line":377,"column":5}},"type":"if","locations":[{"start":{"line":371,"column":11},"end":{"line":377,"column":5}},{"start":{"line":374,"column":11},"end":{"line":377,"column":5}}],"line":371},"22":{"loc":{"start":{"line":394,"column":2},"end":{"line":404,"column":3}},"type":"if","locations":[{"start":{"line":394,"column":2},"end":{"line":404,"column":3}},{"start":{"line":399,"column":9},"end":{"line":404,"column":3}}],"line":394},"23":{"loc":{"start":{"line":421,"column":2},"end":{"line":421,"column":23}},"type":"if","locations":[{"start":{"line":421,"column":2},"end":{"line":421,"column":23}},{"start":{},"end":{}}],"line":421},"24":{"loc":{"start":{"line":444,"column":2},"end":{"line":444,"column":23}},"type":"if","locations":[{"start":{"line":444,"column":2},"end":{"line":444,"column":23}},{"start":{},"end":{}}],"line":444},"25":{"loc":{"start":{"line":449,"column":2},"end":{"line":462,"column":3}},"type":"if","locations":[{"start":{"line":449,"column":2},"end":{"line":462,"column":3}},{"start":{"line":452,"column":9},"end":{"line":462,"column":3}}],"line":449},"26":{"loc":{"start":{"line":466,"column":34},"end":{"line":466,"column":47}},"type":"default-arg","locations":[{"start":{"line":466,"column":41},"end":{"line":466,"column":47}}],"line":466},"27":{"loc":{"start":{"line":471,"column":2},"end":{"line":480,"column":3}},"type":"if","locations":[{"start":{"line":471,"column":2},"end":{"line":480,"column":3}},{"start":{"line":474,"column":9},"end":{"line":480,"column":3}}],"line":471},"28":{"loc":{"start":{"line":474,"column":9},"end":{"line":480,"column":3}},"type":"if","locations":[{"start":{"line":474,"column":9},"end":{"line":480,"column":3}},{"start":{"line":477,"column":9},"end":{"line":480,"column":3}}],"line":474},"29":{"loc":{"start":{"line":477,"column":9},"end":{"line":480,"column":3}},"type":"if","locations":[{"start":{"line":477,"column":9},"end":{"line":480,"column":3}},{"start":{},"end":{}}],"line":477},"30":{"loc":{"start":{"line":505,"column":2},"end":{"line":509,"column":3}},"type":"if","locations":[{"start":{"line":505,"column":2},"end":{"line":509,"column":3}},{"start":{},"end":{}}],"line":505},"31":{"loc":{"start":{"line":517,"column":2},"end":{"line":517,"column":33}},"type":"if","locations":[{"start":{"line":517,"column":2},"end":{"line":517,"column":33}},{"start":{},"end":{}}],"line":517},"32":{"loc":{"start":{"line":527,"column":4},"end":{"line":529,"column":17}},"type":"if","locations":[{"start":{"line":527,"column":4},"end":{"line":529,"column":17}},{"start":{"line":528,"column":9},"end":{"line":529,"column":17}}],"line":527},"33":{"loc":{"start":{"line":528,"column":9},"end":{"line":529,"column":17}},"type":"if","locations":[{"start":{"line":528,"column":9},"end":{"line":529,"column":17}},{"start":{"line":529,"column":9},"end":{"line":529,"column":17}}],"line":528},"34":{"loc":{"start":{"line":589,"column":2},"end":{"line":604,"column":3}},"type":"if","locations":[{"start":{"line":589,"column":2},"end":{"line":604,"column":3}},{"start":{"line":597,"column":9},"end":{"line":604,"column":3}}],"line":589},"35":{"loc":{"start":{"line":609,"column":2},"end":{"line":609,"column":58}},"type":"if","locations":[{"start":{"line":609,"column":2},"end":{"line":609,"column":58}},{"start":{},"end":{}}],"line":609},"36":{"loc":{"start":{"line":624,"column":2},"end":{"line":624,"column":19}},"type":"if","locations":[{"start":{"line":624,"column":2},"end":{"line":624,"column":19}},{"start":{},"end":{}}],"line":624},"37":{"loc":{"start":{"line":627,"column":4},"end":{"line":644,"column":5}},"type":"if","locations":[{"start":{"line":627,"column":4},"end":{"line":644,"column":5}},{"start":{},"end":{}}],"line":627},"38":{"loc":{"start":{"line":627,"column":8},"end":{"line":627,"column":40}},"type":"binary-expr","locations":[{"start":{"line":627,"column":8},"end":{"line":627,"column":13}},{"start":{"line":627,"column":17},"end":{"line":627,"column":40}}],"line":627},"39":{"loc":{"start":{"line":629,"column":6},"end":{"line":629,"column":24}},"type":"if","locations":[{"start":{"line":629,"column":6},"end":{"line":629,"column":24}},{"start":{},"end":{}}],"line":629},"40":{"loc":{"start":{"line":637,"column":35},"end":{"line":637,"column":66}},"type":"binary-expr","locations":[{"start":{"line":637,"column":35},"end":{"line":637,"column":61}},{"start":{"line":637,"column":65},"end":{"line":637,"column":66}}],"line":637},"41":{"loc":{"start":{"line":656,"column":4},"end":{"line":661,"column":5}},"type":"if","locations":[{"start":{"line":656,"column":4},"end":{"line":661,"column":5}},{"start":{},"end":{}}],"line":656},"42":{"loc":{"start":{"line":686,"column":2},"end":{"line":687,"column":50}},"type":"if","locations":[{"start":{"line":686,"column":2},"end":{"line":687,"column":50}},{"start":{"line":687,"column":7},"end":{"line":687,"column":50}}],"line":686},"43":{"loc":{"start":{"line":692,"column":2},"end":{"line":692,"column":68}},"type":"if","locations":[{"start":{"line":692,"column":2},"end":{"line":692,"column":68}},{"start":{},"end":{}}],"line":692},"44":{"loc":{"start":{"line":696,"column":2},"end":{"line":697,"column":47}},"type":"if","locations":[{"start":{"line":696,"column":2},"end":{"line":697,"column":47}},{"start":{},"end":{}}],"line":696},"45":{"loc":{"start":{"line":696,"column":6},"end":{"line":696,"column":59}},"type":"binary-expr","locations":[{"start":{"line":696,"column":6},"end":{"line":696,"column":32}},{"start":{"line":696,"column":36},"end":{"line":696,"column":59}}],"line":696},"46":{"loc":{"start":{"line":715,"column":27},"end":{"line":715,"column":60}},"type":"cond-expr","locations":[{"start":{"line":715,"column":49},"end":{"line":715,"column":54}},{"start":{"line":715,"column":57},"end":{"line":715,"column":60}}],"line":715},"47":{"loc":{"start":{"line":754,"column":4},"end":{"line":763,"column":5}},"type":"if","locations":[{"start":{"line":754,"column":4},"end":{"line":763,"column":5}},{"start":{},"end":{}}],"line":754},"48":{"loc":{"start":{"line":755,"column":6},"end":{"line":756,"column":54}},"type":"binary-expr","locations":[{"start":{"line":755,"column":6},"end":{"line":755,"column":24}},{"start":{"line":756,"column":6},"end":{"line":756,"column":54}}],"line":755},"49":{"loc":{"start":{"line":759,"column":6},"end":{"line":762,"column":7}},"type":"if","locations":[{"start":{"line":759,"column":6},"end":{"line":762,"column":7}},{"start":{},"end":{}}],"line":759},"50":{"loc":{"start":{"line":777,"column":2},"end":{"line":794,"column":3}},"type":"if","locations":[{"start":{"line":777,"column":2},"end":{"line":794,"column":3}},{"start":{"line":788,"column":9},"end":{"line":794,"column":3}}],"line":777},"51":{"loc":{"start":{"line":801,"column":2},"end":{"line":805,"column":3}},"type":"if","locations":[{"start":{"line":801,"column":2},"end":{"line":805,"column":3}},{"start":{"line":803,"column":9},"end":{"line":805,"column":3}}],"line":801},"52":{"loc":{"start":{"line":803,"column":9},"end":{"line":805,"column":3}},"type":"if","locations":[{"start":{"line":803,"column":9},"end":{"line":805,"column":3}},{"start":{},"end":{}}],"line":803}},"s":{"0":0,"1":0,"2":0,"3":0,"4":0,"5":0,"6":0,"7":0,"8":0,"9":0,"10":0,"11":0,"12":0,"13":0,"14":0,"15":0,"16":0,"17":0,"18":0,"19":0,"20":0,"21":0,"22":0,"23":0,"24":0,"25":0,"26":0,"27":0,"28":0,"29":0,"30":0,"31":0,"32":0,"33":0,"34":0,"35":0,"36":0,"37":0,"38":0,"39":0,"40":0,"41":0,"42":0,"43":0,"44":0,"45":0,"46":0,"47":0,"48":0,"49":0,"50":0,"51":0,"52":0,"53":0,"54":0,"55":0,"56":0,"57":0,"58":0,"59":0,"60":0,"61":0,"62":0,"63":0,"64":0,"65":0,"66":0,"67":0,"68":0,"69":0,"70":0,"71":0,"72":0,"73":0,"74":0,"75":0,"76":0,"77":0,"78":0,"79":0,"80":0,"81":0,"82":0,"83":0,"84":0,"85":0,"86":0,"87":0,"88":0,"89":0,"90":0,"91":0,"92":0,"93":0,"94":0,"95":0,"96":0,"97":0,"98":0,"99":0,"100":0,"101":0,"102":0,"103":0,"104":0,"105":0,"106":0,"107":0,"108":0,"109":0,"110":0,"111":0,"112":0,"113":0,"114":0,"115":0,"116":0,"117":0,"118":0,"119":0,"120":0,"121":0,"122":0,"123":0,"124":0,"125":0,"126":0,"127":0,"128":0,"129":0,"130":0,"131":0,"132":0,"133":0,"134":0,"135":0,"136":0,"137":0,"138":0,"139":0,"140":0,"141":0,"142":0,"143":0,"144":0,"145":0,"146":0,"147":0,"148":0,"149":0,"150":0,"151":0,"152":0,"153":0,"154":0,"155":0,"156":0,"157":0,"158":0,"159":0,"160":0,"161":0,"162":0,"163":0,"164":0,"165":0,"166":0,"167":0,"168":0,"169":0,"170":0,"171":0,"172":0,"173":0,"174":0,"175":0,"176":0,"177":0,"178":0,"179":0,"180":0,"181":0,"182":0,"183":0,"184":0,"185":0,"186":0,"187":0,"188":0,"189":0,"190":0,"191":0,"192":0,"193":0,"194":0,"195":0,"196":0,"197":0,"198":0,"199":0,"200":0,"201":0,"202":0,"203":0,"204":0,"205":0,"206":0,"207":0,"208":0,"209":0,"210":0,"211":0,"212":0,"213":0,"214":0,"215":0,"216":0,"217":0,"218":0,"219":0,"220":0,"221":0,"222":0,"223":0,"224":0,"225":0,"226":0,"227":0,"228":0,"229":0,"230":0,"231":0,"232":0,"233":0,"234":0,"235":0,"236":0,"237":0,"238":0,"239":0,"240":0,"241":0,"242":0,"243":0,"244":0,"245":0,"246":0,"247":0,"248":0,"249":0,"250":0,"251":0,"252":0,"253":0,"254":0,"255":0,"256":0,"257":0,"258":0,"259":0,"260":0,"261":0,"262":0,"263":0,"264":0,"265":0,"266":0,"267":0,"268":0,"269":0,"270":0,"271":0,"272":0,"273":0,"274":0,"275":0,"276":0,"277":0,"278":0,"279":0,"280":0,"281":0,"282":0,"283":0,"284":0,"285":0,"286":0,"287":0,"288":0,"289":0,"290":0,"291":0,"292":0,"293":0,"294":0,"295":0,"296":0,"297":0,"298":0,"299":0,"300":0,"301":0,"302":0,"303":0,"304":0,"305":0,"306":0,"307":0,"308":0,"309":0,"310":0,"311":0,"312":0,"313":0,"314":0,"315":0,"316":0,"317":0,"318":0,"319":0,"320":0,"321":0,"322":0,"323":0,"324":0,"325":0,"326":0,"327":0,"328":0,"329":0,"330":0,"331":0,"332":0,"333":0,"334":0,"335":0,"336":0,"337":0,"338":0,"339":0,"340":0,"341":0,"342":0,"343":0,"344":0,"345":0,"346":0,"347":0,"348":0,"349":0,"350":0,"351":0,"352":0,"353":0,"354":0,"355":0,"356":0,"357":0,"358":0,"359":0,"360":0,"361":0,"362":0,"363":0,"364":0,"365":0,"366":0,"367":0,"368":0,"369":0,"370":0,"371":0,"372":0,"373":0,"374":0,"375":0,"376":0,"377":0,"378":0,"379":0,"380":0,"381":0,"382":0,"383":0,"384":0,"385":0,"386":0,"387":0,"388":0,"389":0,"390":0,"391":0,"392":0,"393":0,"394":0},"f":{"0":0,"1":0,"2":0,"3":0,"4":0,"5":0,"6":0,"7":0,"8":0,"9":0,"10":0,"11":0,"12":0,"13":0,"14":0,"15":0,"16":0,"17":0,"18":0,"19":0,"20":0,"21":0,"22":0,"23":0,"24":0,"25":0,"26":0,"27":0,"28":0,"29":0,"30":0,"31":0,"32":0,"33":0,"34":0,"35":0,"36":0,"37":0,"38":0,"39":0,"40":0,"41":0,"42":0,"43":0,"44":0,"45":0,"46":0,"47":0,"48":0,"49":0,"50":0,"51":0,"52":0,"53":0,"54":0,"55":0,"56":0,"57":0,"58":0,"59":0,"60":0,"61":0,"62":0,"63":0,"64":0,"65":0,"66":0,"67":0,"68":0,"69":0,"70":0,"71":0,"72":0,"73":0,"74":0,"75":0,"76":0,"77":0,"78":0,"79":0,"80":0},"b":{"0":[0,0],"1":[0,0],"2":[0,0],"3":[0,0],"4":[0,0],"5":[0,0],"6":[0,0],"7":[0,0],"8":[0,0],"9":[0,0],"10":[0,0],"11":[0,0],"12":[0,0],"13":[0,0],"14":[0,0],"15":[0,0],"16":[0,0],"17":[0,0],"18":[0,0],"19":[0,0],"20":[0,0],"21":[0,0],"22":[0,0],"23":[0,0],"24":[0,0],"25":[0,0],"26":[0],"27":[0,0],"28":[0,0],"29":[0,0],"30":[0,0],"31":[0,0],"32":[0,0],"33":[0,0],"34":[0,0],"35":[0,0],"36":[0,0],"37":[0,0],"38":[0,0],"39":[0,0],"40":[0,0],"41":[0,0],"42":[0,0],"43":[0,0],"44":[0,0],"45":[0,0],"46":[0,0],"47":[0,0],"48":[0,0],"49":[0,0],"50":[0,0],"51":[0,0],"52":[0,0]}}
,"/home/dwiki/Project/alhikmah/kuis/config.js": {"path":"/home/dwiki/Project/alhikmah/kuis/config.js","statementMap":{"0":{"start":{"line":2,"column":15},"end":{"line":14,"column":1}}},"fnMap":{},"branchMap":{},"s":{"0":1},"f":{},"b":{},"_coverageSchema":"1a1c01bbd47fc00a2c39e90264f33305004495a9","hash":"7cd725c3772116339c86f96cb2bad1fce9b3ae87"}
,"/home/dwiki/Project/alhikmah/kuis/questions.js": {"path":"/home/dwiki/Project/alhikmah/kuis/questions.js","statementMap":{"0":{"start":{"line":2,"column":18},"end":{"line":2407,"column":1}}},"fnMap":{},"branchMap":{},"s":{"0":1},"f":{},"b":{},"_coverageSchema":"1a1c01bbd47fc00a2c39e90264f33305004495a9","hash":"7325bcb6ddc3461cb28982ccc4f48aa69a8d6351"}
}
