TN:
SF:app.js
FN:92,showSplashScreen
FN:94,(anonymous_1)
FN:100,(anonymous_2)
FN:113,initApp
FN:120,renderSubjectsGrid
FN:122,(anonymous_5)
FN:134,(anonymous_6)
FN:135,(anonymous_7)
FN:142,selectSubject
FN:143,(anonymous_9)
FN:158,setupEventListeners
FN:159,(anonymous_11)
FN:164,(anonymous_12)
FN:191,(anonymous_13)
FN:198,(anonymous_14)
FN:210,(anonymous_15)
FN:213,(anonymous_16)
FN:216,(anonymous_17)
FN:217,(anonymous_18)
FN:223,(anonymous_19)
FN:224,(anonymous_20)
FN:229,(anonymous_21)
FN:236,startExamEnvironment
FN:249,startTimerEngine
FN:251,(anonymous_24)
FN:279,renderQuestion
FN:309,(anonymous_26)
FN:321,(anonymous_27)
FN:322,(anonymous_28)
FN:345,buildQuestionNavigator
FN:348,(anonymous_30)
FN:356,(anonymous_31)
FN:357,(anonymous_32)
FN:364,updateQuestionNavigatorUI
FN:365,(anonymous_34)
FN:381,updateProgressUI
FN:383,(anonymous_36)
FN:389,openCustomModal
FN:407,(anonymous_38)
FN:411,closeCustomModal
FN:413,(anonymous_40)
FN:419,showSecureConfirmation
FN:420,(anonymous_42)
FN:430,(anonymous_43)
FN:434,closeSecureModal
FN:436,(anonymous_45)
FN:442,validateSecureCode
FN:443,(anonymous_47)
FN:458,(anonymous_48)
FN:466,showCustomToast
FN:488,(anonymous_50)
FN:492,(anonymous_51)
FN:494,(anonymous_52)
FN:498,triggerFinalSubmissionConfirmation
FN:499,(anonymous_54)
FN:511,(anonymous_55)
FN:516,processFinalSubmission
FN:526,(anonymous_57)
FN:552,(anonymous_58)
FN:563,(anonymous_59)
FN:576,renderResultView
FN:608,saveSessionState
FN:622,tryRestoreSession
FN:628,(anonymous_63)
FN:650,setupSecurity
FN:651,(anonymous_65)
FN:652,(anonymous_66)
FN:653,(anonymous_67)
FN:655,(anonymous_68)
FN:665,resetToLandingScreen
FN:685,toggleLoadingOverlay
FN:690,requestFullscreen
FN:692,(anonymous_72)
FN:695,exitFullscreen
FN:697,(anonymous_74)
FN:700,createConfettiParticles
FN:719,(anonymous_76)
FN:746,initCursorParticles
FN:748,(anonymous_78)
FN:767,createFloatingParticle
FN:814,(anonymous_80)
FNF:81
FNH:0
FNDA:0,showSplashScreen
FNDA:0,(anonymous_1)
FNDA:0,(anonymous_2)
FNDA:0,initApp
FNDA:0,renderSubjectsGrid
FNDA:0,(anonymous_5)
FNDA:0,(anonymous_6)
FNDA:0,(anonymous_7)
FNDA:0,selectSubject
FNDA:0,(anonymous_9)
FNDA:0,setupEventListeners
FNDA:0,(anonymous_11)
FNDA:0,(anonymous_12)
FNDA:0,(anonymous_13)
FNDA:0,(anonymous_14)
FNDA:0,(anonymous_15)
FNDA:0,(anonymous_16)
FNDA:0,(anonymous_17)
FNDA:0,(anonymous_18)
FNDA:0,(anonymous_19)
FNDA:0,(anonymous_20)
FNDA:0,(anonymous_21)
FNDA:0,startExamEnvironment
FNDA:0,startTimerEngine
FNDA:0,(anonymous_24)
FNDA:0,renderQuestion
FNDA:0,(anonymous_26)
FNDA:0,(anonymous_27)
FNDA:0,(anonymous_28)
FNDA:0,buildQuestionNavigator
FNDA:0,(anonymous_30)
FNDA:0,(anonymous_31)
FNDA:0,(anonymous_32)
FNDA:0,updateQuestionNavigatorUI
FNDA:0,(anonymous_34)
FNDA:0,updateProgressUI
FNDA:0,(anonymous_36)
FNDA:0,openCustomModal
FNDA:0,(anonymous_38)
FNDA:0,closeCustomModal
FNDA:0,(anonymous_40)
FNDA:0,showSecureConfirmation
FNDA:0,(anonymous_42)
FNDA:0,(anonymous_43)
FNDA:0,closeSecureModal
FNDA:0,(anonymous_45)
FNDA:0,validateSecureCode
FNDA:0,(anonymous_47)
FNDA:0,(anonymous_48)
FNDA:0,showCustomToast
FNDA:0,(anonymous_50)
FNDA:0,(anonymous_51)
FNDA:0,(anonymous_52)
FNDA:0,triggerFinalSubmissionConfirmation
FNDA:0,(anonymous_54)
FNDA:0,(anonymous_55)
FNDA:0,processFinalSubmission
FNDA:0,(anonymous_57)
FNDA:0,(anonymous_58)
FNDA:0,(anonymous_59)
FNDA:0,renderResultView
FNDA:0,saveSessionState
FNDA:0,tryRestoreSession
FNDA:0,(anonymous_63)
FNDA:0,setupSecurity
FNDA:0,(anonymous_65)
FNDA:0,(anonymous_66)
FNDA:0,(anonymous_67)
FNDA:0,(anonymous_68)
FNDA:0,resetToLandingScreen
FNDA:0,toggleLoadingOverlay
FNDA:0,requestFullscreen
FNDA:0,(anonymous_72)
FNDA:0,exitFullscreen
FNDA:0,(anonymous_74)
FNDA:0,createConfettiParticles
FNDA:0,(anonymous_76)
FNDA:0,initCursorParticles
FNDA:0,(anonymous_78)
FNDA:0,createFloatingParticle
FNDA:0,(anonymous_80)
DA:5,0
DA:19,0
DA:20,0
DA:22,0
DA:86,0
DA:87,0
DA:89,0
DA:94,0
DA:95,0
DA:96,0
DA:100,0
DA:101,0
DA:102,0
DA:106,0
DA:107,0
DA:108,0
DA:114,0
DA:115,0
DA:116,0
DA:117,0
DA:121,0
DA:122,0
DA:134,0
DA:135,0
DA:136,0
DA:137,0
DA:143,0
DA:144,0
DA:146,0
DA:147,0
DA:148,0
DA:149,0
DA:150,0
DA:151,0
DA:153,0
DA:154,0
DA:155,0
DA:159,0
DA:160,0
DA:161,0
DA:164,0
DA:165,0
DA:166,0
DA:167,0
DA:169,0
DA:170,0
DA:171,0
DA:173,0
DA:174,0
DA:175,0
DA:177,0
DA:178,0
DA:179,0
DA:182,0
DA:185,0
DA:186,0
DA:188,0
DA:191,0
DA:192,0
DA:193,0
DA:194,0
DA:198,0
DA:199,0
DA:203,0
DA:204,0
DA:206,0
DA:210,0
DA:211,0
DA:213,0
DA:216,0
DA:217,0
DA:218,0
DA:219,0
DA:223,0
DA:224,0
DA:225,0
DA:229,0
DA:230,0
DA:231,0
DA:237,0
DA:238,0
DA:239,0
DA:240,0
DA:242,0
DA:243,0
DA:244,0
DA:245,0
DA:246,0
DA:250,0
DA:251,0
DA:252,0
DA:253,0
DA:254,0
DA:255,0
DA:256,0
DA:257,0
DA:260,0
DA:261,0
DA:262,0
DA:264,0
DA:265,0
DA:267,0
DA:268,0
DA:271,0
DA:275,0
DA:280,0
DA:281,0
DA:283,0
DA:284,0
DA:286,0
DA:287,0
DA:294,0
DA:296,0
DA:297,0
DA:300,0
DA:301,0
DA:308,0
DA:311,0
DA:312,0
DA:321,0
DA:322,0
DA:323,0
DA:324,0
DA:325,0
DA:329,0
DA:332,0
DA:333,0
DA:336,0
DA:340,0
DA:341,0
DA:342,0
DA:346,0
DA:348,0
DA:356,0
DA:357,0
DA:358,0
DA:359,0
DA:365,0
DA:366,0
DA:367,0
DA:368,0
DA:369,0
DA:371,0
DA:372,0
DA:375,0
DA:382,0
DA:383,0
DA:384,0
DA:385,0
DA:390,0
DA:391,0
DA:392,0
DA:394,0
DA:395,0
DA:397,0
DA:400,0
DA:402,0
DA:406,0
DA:407,0
DA:408,0
DA:412,0
DA:413,0
DA:414,0
DA:415,0
DA:420,0
DA:421,0
DA:423,0
DA:424,0
DA:425,0
DA:426,0
DA:427,0
DA:429,0
DA:430,0
DA:431,0
DA:435,0
DA:436,0
DA:437,0
DA:438,0
DA:443,0
DA:444,0
DA:446,0
DA:447,0
DA:449,0
DA:450,0
DA:451,0
DA:453,0
DA:454,0
DA:455,0
DA:456,0
DA:458,0
DA:459,0
DA:460,0
DA:467,0
DA:468,0
DA:469,0
DA:471,0
DA:472,0
DA:473,0
DA:474,0
DA:475,0
DA:476,0
DA:477,0
DA:478,0
DA:479,0
DA:482,0
DA:483,0
DA:485,0
DA:486,0
DA:488,0
DA:489,0
DA:492,0
DA:493,0
DA:494,0
DA:499,0
DA:500,0
DA:502,0
DA:503,0
DA:505,0
DA:506,0
DA:507,0
DA:508,0
DA:511,0
DA:512,0
DA:517,0
DA:518,0
DA:520,0
DA:521,0
DA:523,0
DA:524,0
DA:525,0
DA:526,0
DA:527,0
DA:528,0
DA:529,0
DA:532,0
DA:533,0
DA:534,0
DA:535,0
DA:536,0
DA:538,0
DA:546,0
DA:553,0
DA:554,0
DA:561,0
DA:564,0
DA:565,0
DA:566,0
DA:577,0
DA:578,0
DA:580,0
DA:581,0
DA:582,0
DA:583,0
DA:584,0
DA:585,0
DA:586,0
DA:587,0
DA:589,0
DA:590,0
DA:592,0
DA:593,0
DA:595,0
DA:596,0
DA:598,0
DA:600,0
DA:601,0
DA:603,0
DA:605,0
DA:609,0
DA:610,0
DA:619,0
DA:623,0
DA:624,0
DA:625,0
DA:626,0
DA:627,0
DA:628,0
DA:629,0
DA:631,0
DA:632,0
DA:633,0
DA:634,0
DA:635,0
DA:636,0
DA:637,0
DA:639,0
DA:643,0
DA:646,0
DA:651,0
DA:652,0
DA:653,0
DA:655,0
DA:656,0
DA:657,0
DA:666,0
DA:667,0
DA:668,0
DA:679,0
DA:680,0
DA:681,0
DA:682,0
DA:686,0
DA:687,0
DA:691,0
DA:692,0
DA:696,0
DA:697,0
DA:701,0
DA:709,0
DA:710,0
DA:711,0
DA:712,0
DA:713,0
DA:714,0
DA:715,0
DA:716,0
DA:717,0
DA:718,0
DA:719,0
DA:726,0
DA:727,0
DA:728,0
DA:729,0
DA:732,0
DA:744,0
DA:748,0
DA:749,0
DA:750,0
DA:754,0
DA:758,0
DA:759,0
DA:760,0
DA:761,0
DA:768,0
DA:769,0
DA:772,0
DA:774,0
DA:775,0
DA:777,0
DA:779,0
DA:780,0
DA:781,0
DA:782,0
DA:783,0
DA:784,0
DA:785,0
DA:786,0
DA:787,0
DA:790,0
DA:791,0
DA:792,0
DA:793,0
DA:796,0
DA:797,0
DA:800,0
DA:801,0
DA:802,0
DA:803,0
DA:804,0
DA:808,0
DA:809,0
DA:811,0
DA:814,0
DA:815,0
LF:364
LH:0
BRDA:86,0,0,0
BRDA:86,0,1,0
BRDA:95,1,0,0
BRDA:95,1,1,0
BRDA:101,2,0,0
BRDA:101,2,1,0
BRDA:144,3,0,0
BRDA:144,3,1,0
BRDA:169,4,0,0
BRDA:169,4,1,0
BRDA:173,5,0,0
BRDA:173,5,1,0
BRDA:177,6,0,0
BRDA:177,6,1,0
BRDA:192,7,0,0
BRDA:192,7,1,0
BRDA:199,8,0,0
BRDA:199,8,1,0
BRDA:218,9,0,0
BRDA:218,9,1,0
BRDA:230,10,0,0
BRDA:230,10,1,0
BRDA:253,11,0,0
BRDA:253,11,1,0
BRDA:264,12,0,0
BRDA:264,12,1,0
BRDA:267,13,0,0
BRDA:267,13,1,0
BRDA:275,14,0,0
BRDA:275,14,1,0
BRDA:286,15,0,0
BRDA:286,15,1,0
BRDA:313,16,0,0
BRDA:313,16,1,0
BRDA:330,17,0,0
BRDA:330,17,1,0
BRDA:332,18,0,0
BRDA:332,18,1,0
BRDA:367,19,0,0
BRDA:367,19,1,0
BRDA:368,20,0,0
BRDA:368,20,1,0
BRDA:371,21,0,0
BRDA:371,21,1,0
BRDA:394,22,0,0
BRDA:394,22,1,0
BRDA:421,23,0,0
BRDA:421,23,1,0
BRDA:444,24,0,0
BRDA:444,24,1,0
BRDA:449,25,0,0
BRDA:449,25,1,0
BRDA:466,26,0,0
BRDA:471,27,0,0
BRDA:471,27,1,0
BRDA:474,28,0,0
BRDA:474,28,1,0
BRDA:477,29,0,0
BRDA:477,29,1,0
BRDA:505,30,0,0
BRDA:505,30,1,0
BRDA:517,31,0,0
BRDA:517,31,1,0
BRDA:527,32,0,0
BRDA:527,32,1,0
BRDA:528,33,0,0
BRDA:528,33,1,0
BRDA:589,34,0,0
BRDA:589,34,1,0
BRDA:609,35,0,0
BRDA:609,35,1,0
BRDA:624,36,0,0
BRDA:624,36,1,0
BRDA:627,37,0,0
BRDA:627,37,1,0
BRDA:627,38,0,0
BRDA:627,38,1,0
BRDA:629,39,0,0
BRDA:629,39,1,0
BRDA:637,40,0,0
BRDA:637,40,1,0
BRDA:656,41,0,0
BRDA:656,41,1,0
BRDA:686,42,0,0
BRDA:686,42,1,0
BRDA:692,43,0,0
BRDA:692,43,1,0
BRDA:696,44,0,0
BRDA:696,44,1,0
BRDA:696,45,0,0
BRDA:696,45,1,0
BRDA:715,46,0,0
BRDA:715,46,1,0
BRDA:754,47,0,0
BRDA:754,47,1,0
BRDA:755,48,0,0
BRDA:755,48,1,0
BRDA:759,49,0,0
BRDA:759,49,1,0
BRDA:777,50,0,0
BRDA:777,50,1,0
BRDA:801,51,0,0
BRDA:801,51,1,0
BRDA:803,52,0,0
BRDA:803,52,1,0
BRF:105
BRH:0
end_of_record
TN:
SF:config.js
FNF:0
FNH:0
DA:2,1
LF:1
LH:1
BRF:0
BRH:0
end_of_record
TN:
SF:questions.js
FNF:0
FNH:0
DA:2,1
LF:1
LH:1
BRF:0
BRH:0
end_of_record
